\BOOKMARK [0][-]{section*.2}{\376\377\000L\036\335\000i\000\040\000m\036\337\000\040\001\021\036\247\000u}{}% 1
\BOOKMARK [0][-]{section*.4}{\376\377\000T\000\363\000m\000\040\000t\036\257\000t\000\040\000n\036\331\000i\000\040\000d\000u\000n\000g\000\040\000v\000\340\000\040\001\021\000\363\000n\000g\000\040\000g\000\363\000p}{}% 2
\BOOKMARK [0][-]{section*.6}{\376\377\000N\036\331\000i\000\040\000d\000u\000n\000g\000\040\000t\000h\036\361\000c\000\040\000h\000i\036\307\000n}{}% 3
\BOOKMARK [0][-]{chapter.1}{\376\377\000G\000i\036\333\000i\000\040\000t\000h\000i\036\307\000u}{}% 4
\BOOKMARK [1][-]{section.1.1}{\376\377\000B\036\321\000i\000\040\000c\036\243\000n\000h\000\040\001\021\036\301\000\040\000t\000\340\000i}{chapter.1}% 5
\BOOKMARK [1][-]{section.1.2}{\376\377\000M\036\345\000c\000\040\000t\000i\000\352\000u\000\040\000v\000\340\000\040\000b\000\340\000i\000\040\000t\000o\000\341\000n\000\040\001\021\036\267\000t\000\040\000r\000a}{chapter.1}% 6
\BOOKMARK [2][-]{subsection.1.2.1}{\376\377\000Y\000\352\000u\000\040\000c\036\247\000u\000\040\000c\000h\036\351\000c\000\040\000n\001\003\000n\000g}{section.1.2}% 7
\BOOKMARK [3][-]{subsubsection.1.2.1.1}{\376\377\000F\000R\000-\0000\0001\000\040\040\023\000\040\000T\000i\036\277\000p\000\040\000n\000h\036\255\000n\000\040\000l\000o\000g\000\040\000q\000u\000a\000\040\000m\036\331\000t\000\040\000b\000o\000u\000n\000d\000a\000r\000y\000\040\000t\000h\036\321\000n\000g\000\040\000n\000h\036\245\000t}{subsection.1.2.1}% 8
\BOOKMARK [3][-]{subsubsection.1.2.1.2}{\376\377\000F\000R\000-\0000\0002\000\040\040\023\000\040\000C\000h\000u\036\251\000n\000\040\000h\000\363\000a\000\040\000p\000a\000y\000l\000o\000a\000d\000\040\000v\000\340\000\040\000b\036\243\000o\000\040\001\021\036\243\000m\000\040\001\021\036\313\000n\000h\000\040\000d\000a\000n\000h\000\040\000l\000o\000g}{subsection.1.2.1}% 9
\BOOKMARK [3][-]{subsubsection.1.2.1.3}{\376\377\000F\000R\000-\0000\0003\000\040\040\023\000\040\000P\000h\000\341\000t\000\040\000t\000r\036\241\000n\000g\000\040\000t\000h\000\341\000i\000\040\000x\036\355\000\040\000l\000\375\000\040\000g\036\247\000n\000\040\000t\000h\036\335\000i\000\040\000g\000i\000a\000n\000\040\000t\000h\036\361\000c}{subsection.1.2.1}% 10
\BOOKMARK [3][-]{subsubsection.1.2.1.4}{\376\377\000F\000R\000-\0000\0004\000\040\040\023\000\040\000P\000h\000\342\000n\000\040\000l\000o\036\241\000i\000\040\000n\036\331\000i\000\040\000d\000u\000n\000g\000\040\000l\000o\000g\000\040\000b\036\261\000n\000g\000\040\000w\000o\000r\000k\000e\000r\000\040\000t\000\341\000c\000h\000\040\000b\000i\036\307\000t}{subsection.1.2.1}% 11
\BOOKMARK [3][-]{subsubsection.1.2.1.5}{\376\377\000F\000R\000-\0000\0005\000\040\040\023\000\040\000L\001\260\000u\000\040\000t\000r\036\357\000\040\000l\000o\000g\000\040\000e\000n\000r\000i\000c\000h\000e\000d\000\040\000v\000\340\000o\000\040\000k\000h\000o\000\040\000p\000h\000\342\000n\000\040\000t\000\355\000c\000h}{subsection.1.2.1}% 12
\BOOKMARK [3][-]{subsubsection.1.2.1.6}{\376\377\000F\000R\000-\0000\0006\000\040\040\023\000\040\000C\036\243\000n\000h\000\040\000b\000\341\000o\000\040\000l\000o\000g\000\040\000n\000g\000h\000i\000\352\000m\000\040\000t\000r\036\315\000n\000g\000\040\000v\000\340\000\040\000g\000i\036\243\000m\000\040\000n\000h\000i\036\305\000u}{subsection.1.2.1}% 13
\BOOKMARK [3][-]{subsubsection.1.2.1.7}{\376\377\000F\000R\000-\0000\0007\000\040\040\023\000\040\000T\000r\000u\000y\000\040\000v\036\245\000n\000\040\000l\036\313\000c\000h\000\040\000s\036\355\000\040\000v\000\340\000\040\000c\000h\036\311\000\040\000s\036\321\000\040\000s\036\351\000c\000\040\000k\000h\036\317\000e}{subsection.1.2.1}% 14
\BOOKMARK [3][-]{subsubsection.1.2.1.8}{\376\377\000F\000R\000-\0000\0008\000\040\040\023\000\040\000X\000\341\000c\000\040\000t\000h\036\361\000c\000\040\000v\000\340\000\040\000p\000h\000\342\000n\000\040\000q\000u\000y\036\301\000n\000\040\000t\000h\000e\000o\000\040\000a\000p\000p\000l\000i\000c\000a\000t\000i\000o\000n}{subsection.1.2.1}% 15
\BOOKMARK [3][-]{subsubsection.1.2.1.9}{\376\377\000F\000R\000-\0000\0009\000\040\040\023\000\040\000D\000a\000s\000h\000b\000o\000a\000r\000d\000\040\000t\000h\036\335\000i\000\040\000g\000i\000a\000n\000\040\000g\036\247\000n\000\040\000t\000h\036\361\000c}{subsection.1.2.1}% 16
\BOOKMARK [3][-]{subsubsection.1.2.1.10}{\376\377\000F\000R\000-\0001\0000\000\040\040\023\000\040\000T\000h\000\364\000n\000g\000\040\000b\000\341\000o\000\040\000T\000e\000l\000e\000g\000r\000a\000m\000\040\000t\000h\000e\000o\000\040\000s\000u\000b\000s\000c\000r\000i\000p\000t\000i\000o\000n}{subsection.1.2.1}% 17
\BOOKMARK [2][-]{subsection.1.2.2}{\376\377\000Y\000\352\000u\000\040\000c\036\247\000u\000\040\000p\000h\000i\000\040\000c\000h\036\351\000c\000\040\000n\001\003\000n\000g}{section.1.2}% 18
\BOOKMARK [3][-]{subsubsection.1.2.2.1}{\376\377\000N\000F\000R\000-\0000\0001\000\040\040\023\000\040\000T\000h\000\364\000n\000g\000\040\000l\001\260\036\343\000n\000g\000\040\000i\000n\000g\000e\000s\000t\000\040\000v\000\340\000\040\000b\000a\000c\000k\000p\000r\000e\000s\000s\000u\000r\000e}{subsection.1.2.2}% 19
\BOOKMARK [3][-]{subsubsection.1.2.2.2}{\376\377\000N\000F\000R\000-\0000\0002\000\040\040\023\000\040\001\020\036\331\000\040\000t\000i\000n\000\040\000c\036\255\000y\000\040\000g\000h\000i\000\040\000d\036\357\000\040\000l\000i\036\307\000u\000\040\000v\000\340\000\040\000D\000L\000Q}{subsection.1.2.2}% 20
\BOOKMARK [3][-]{subsubsection.1.2.2.3}{\376\377\000N\000F\000R\000-\0000\0003\000\040\040\023\000\040\000T\000\355\000n\000h\000\040\001\021\000\372\000n\000g\000\040\000v\000\340\000\040\001\021\036\331\000\040\000n\000h\000i\036\305\000u\000\040\000c\036\347\000a\000\040\000c\036\243\000n\000h\000\040\000b\000\341\000o}{subsection.1.2.2}% 21
\BOOKMARK [3][-]{subsubsection.1.2.2.4}{\376\377\000N\000F\000R\000-\0000\0004\000\040\040\023\000\040\000B\036\243\000o\000\040\000m\036\255\000t\000,\000\040\000p\000h\000\342\000n\000\040\000q\000u\000y\036\301\000n\000\040\000v\000\340\000\040\000c\000\364\000\040\000l\036\255\000p\000\040\000d\036\357\000\040\000l\000i\036\307\000u}{subsection.1.2.2}% 22
\BOOKMARK [3][-]{subsubsection.1.2.2.5}{\376\377\000N\000F\000R\000-\0000\0005\000\040\040\023\000\040\000K\000h\036\243\000\040\000n\001\003\000n\000g\000\040\000t\000r\000u\000y\000\040\000v\036\245\000n\000\040\000v\000\340\000\040\000l\000i\000f\000e\000c\000y\000c\000l\000e\000\040\000d\036\357\000\040\000l\000i\036\307\000u}{subsection.1.2.2}% 23
\BOOKMARK [3][-]{subsubsection.1.2.2.6}{\376\377\000N\000F\000R\000-\0000\0006\000\040\040\023\000\040\000K\000h\036\243\000\040\000n\001\003\000n\000g\000\040\000t\000r\000i\036\303\000n\000\040\000k\000h\000a\000i\000\040\000v\000\340\000\040\000c\036\245\000u\000\040\000h\000\354\000n\000h}{subsection.1.2.2}% 24
\BOOKMARK [3][-]{subsubsection.1.2.2.7}{\376\377\000N\000F\000R\000-\0000\0007\000\040\040\023\000\040\000O\000b\000s\000e\000r\000v\000a\000b\000i\000l\000i\000t\000y\000\040\000c\036\347\000a\000\040\000c\000h\000\355\000n\000h\000\040\000p\000i\000p\000e\000l\000i\000n\000e\000\040\000m\000o\000n\000i\000t\000o\000r\000i\000n\000g}{subsection.1.2.2}% 25
\BOOKMARK [1][-]{section.1.3}{\376\377\000P\000h\036\241\000m\000\040\000v\000i\000\040\000v\000\340\000\040\000g\000i\036\333\000i\000\040\000h\036\241\000n\000\040\000h\036\307\000\040\000t\000h\036\321\000n\000g}{chapter.1}% 26
\BOOKMARK [1][-]{section.1.4}{\376\377\000T\000h\000\364\000n\000g\000\040\000t\000i\000n\000\040\000m\000\343\000\040\000n\000g\000u\036\323\000n\000\040\000v\000\340\000\040\000d\036\357\000\040\000l\000i\036\307\000u\000\040\001\021\036\247\000u\000\040\000v\000\340\000o}{chapter.1}% 27
\BOOKMARK [0][-]{chapter.2}{\376\377\000N\036\331\000i\000\040\000d\000u\000n\000g\000\040\000v\000\340\000\040\000p\000h\001\260\001\241\000n\000g\000\040\000p\000h\000\341\000p}{}% 28
\BOOKMARK [1][-]{section.2.1}{\376\377\000C\001\241\000\040\000s\036\337\000\040\000l\000\375\000\040\000t\000h\000u\000y\036\277\000t\000\040\000v\000\340\000\040\001\021\036\313\000n\000h\000\040\000h\001\260\036\333\000n\000g\000\040\000t\000h\000i\036\277\000t\000\040\000k\036\277}{chapter.2}% 29
\BOOKMARK [2][-]{subsection.2.1.1}{\376\377\000L\000o\000g\000\040\000n\000h\001\260\000\040\000m\036\331\000t\000\040\000d\000\362\000n\000g\000\040\000s\036\361\000\040\000k\000i\036\307\000n}{section.2.1}% 30
\BOOKMARK [2][-]{subsection.2.1.2}{\376\377\000M\000e\000s\000s\000a\000g\000e\000\040\000b\000r\000o\000k\000e\000r\000,\000\040\000r\000o\000u\000t\000i\000n\000g\000\040\000v\000\340\000\040\000D\000L\000Q}{section.2.1}% 31
\BOOKMARK [2][-]{subsection.2.1.3}{\376\377\000K\000h\000o\000\040\000d\036\357\000\040\000l\000i\036\307\000u\000\040\000d\036\241\000n\000g\000\040\000c\036\331\000t\000\040\000c\000h\000o\000\040\000l\000o\000g\000\040\000a\000n\000a\000l\000y\000t\000i\000c\000s}{section.2.1}% 32
\BOOKMARK [2][-]{subsection.2.1.4}{\376\377\000A\000l\000e\000r\000t\000\040\000d\000e\000d\000u\000p\000l\000i\000c\000a\000t\000i\000o\000n\000\040\000v\000\340\000\040\000k\000h\036\243\000\040\000n\001\003\000n\000g\000\040\000h\000\340\000n\000h\000\040\001\021\036\331\000n\000g}{section.2.1}% 33
\BOOKMARK [1][-]{section.2.2}{\376\377\000K\000i\036\277\000n\000\040\000t\000r\000\372\000c\000\040\000t\036\325\000n\000g\000\040\000t\000h\036\303\000\040\000h\036\307\000\040\000t\000h\036\321\000n\000g}{chapter.2}% 34
\BOOKMARK [2][-]{subsection.2.2.1}{\376\377\000C\000a\000t\000a\000l\000o\000g\000\040\000t\000h\000\340\000n\000h\000\040\000p\000h\036\247\000n\000\040\000t\000r\000i\036\303\000n\000\040\000k\000h\000a\000i}{section.2.2}% 35
\BOOKMARK [3][-]{subsubsection.2.2.1.1}{\376\377\000R\000e\000d\000p\000a\000n\000d\000a}{subsection.2.2.1}% 36
\BOOKMARK [3][-]{subsubsection.2.2.1.2}{\376\377\000P\000a\000n\000d\000a\000p\000r\000o\000x\000y}{subsection.2.2.1}% 37
\BOOKMARK [3][-]{subsubsection.2.2.1.3}{\376\377\000B\000e\000n\000t\000h\000o\000s\000\040\000u\000n\000i\000f\000i\000e\000d\000\040\000p\000i\000p\000e\000l\000i\000n\000e}{subsection.2.2.1}% 38
\BOOKMARK [3][-]{subsubsection.2.2.1.4}{\376\377\000C\000l\000a\000s\000s\000i\000f\000i\000e\000r\000\040\000w\000o\000r\000k\000e\000r}{subsection.2.2.1}% 39
\BOOKMARK [3][-]{subsubsection.2.2.1.5}{\376\377\000B\000e\000n\000t\000h\000o\000s\000\040\000p\000e\000r\000s\000i\000s\000t\000\040\000v\000\340\000\040\000t\000a\000g\000s\000\040\000p\000i\000p\000e\000l\000i\000n\000e\000s}{subsection.2.2.1}% 40
\BOOKMARK [3][-]{subsubsection.2.2.1.6}{\376\377\000A\000l\000e\000r\000t\000\040\000w\000o\000r\000k\000e\000r}{subsection.2.2.1}% 41
\BOOKMARK [3][-]{subsubsection.2.2.1.7}{\376\377\000R\000e\000d\000i\000s\000,\000\040\000C\000l\000i\000c\000k\000H\000o\000u\000s\000e\000\040\000v\000\340\000\040\000P\000o\000s\000t\000g\000r\000e\000S\000Q\000L}{subsection.2.2.1}% 42
\BOOKMARK [3][-]{subsubsection.2.2.1.8}{\376\377\000B\000u\000n\000\040\000w\000e\000b\000\040\000s\000e\000r\000v\000e\000r\000\040\000v\000\340\000\040\000G\000o\000\040\000T\000e\000l\000e\000g\000r\000a\000m\000\040\000b\000o\000t}{subsection.2.2.1}% 43
\BOOKMARK [1][-]{section.2.3}{\376\377\000C\000a\000t\000a\000l\000o\000g\000\040\000c\000\364\000n\000g\000\040\000n\000g\000h\036\307\000\040\000v\000\340\000\040\000q\000u\000y\036\277\000t\000\040\001\021\036\313\000n\000h\000\040\000l\036\361\000a\000\040\000c\000h\036\315\000n}{chapter.2}% 44
\BOOKMARK [2][-]{subsection.2.3.1}{\376\377\000R\000e\000d\000p\000a\000n\000d\000a\000\040\000v\000\340\000\040\000P\000a\000n\000d\000a\000p\000r\000o\000x\000y}{section.2.3}% 45
\BOOKMARK [3][-]{subsubsection.2.3.1.1}{\376\377\000V\000a\000i\000\040\000t\000r\000\362\000\040\000t\000r\000o\000n\000g\000\040\000k\000i\036\277\000n\000\040\000t\000r\000\372\000c}{subsection.2.3.1}% 46
\BOOKMARK [4][-]{paragraph.2.3.1.1.1}{\376\377\000L\000\375\000\040\000d\000o\000\040\000k\000h\000\364\000n\000g\000\040\000d\000\371\000n\000g\000\040\000q\000u\000e\000u\000e\000\040\001\021\001\241\000n\000\040\000g\000i\036\243\000n\000\040\000h\001\241\000n}{subsubsection.2.3.1.1}% 47
\BOOKMARK [4][-]{paragraph.2.3.1.1.2}{\376\377\000Q\000u\000y\036\277\000t\000\040\001\021\036\313\000n\000h\000\040\000s\036\355\000\040\000d\036\345\000n\000g\000\040\000P\000a\000n\000d\000a\000p\000r\000o\000x\000y}{subsubsection.2.3.1.1}% 48
\BOOKMARK [2][-]{subsection.2.3.2}{\376\377\000B\000e\000n\000t\000h\000o\000s\000\040\000c\000h\000o\000\040\000r\000o\000u\000t\000i\000n\000g\000,\000\040\000n\000o\000r\000m\000a\000l\000i\000z\000a\000t\000i\000o\000n\000\040\000v\000\340\000\040\000p\000e\000r\000s\000i\000s\000t\000e\000n\000c\000e}{section.2.3}% 49
\BOOKMARK [3][-]{subsubsection.2.3.2.1}{\376\377\000L\000\375\000\040\000d\000o\000\040\000l\036\361\000a\000\040\000c\000h\036\315\000n\000\040\000B\000e\000n\000t\000h\000o\000s}{subsection.2.3.2}% 50
\BOOKMARK [4][-]{paragraph.2.3.2.1.1}{\376\377\000U\000n\000i\000f\000i\000e\000d\000\040\000p\000i\000p\000e\000l\000i\000n\000e\000\040\000n\000h\001\260\000\040\000c\000o\000n\000t\000e\000n\000t\000-\000b\000a\000s\000e\000d\000\040\000r\000o\000u\000t\000e\000r}{subsubsection.2.3.2.1}% 51
\BOOKMARK [4][-]{paragraph.2.3.2.1.2}{\376\377\000P\000e\000r\000s\000i\000s\000t\000\040\000v\000\340\000\040\000t\000a\000g\000s\000\040\000p\000i\000p\000e\000l\000i\000n\000e\000\040\000n\000h\001\260\000\040\000b\000u\000l\000k\000-\000w\000r\000i\000t\000e\000r}{subsubsection.2.3.2.1}% 52
\BOOKMARK [2][-]{subsection.2.3.3}{\376\377\000C\000l\000i\000c\000k\000H\000o\000u\000s\000e\000\040\000c\000h\000o\000\040\000l\001\260\000u\000\040\000t\000r\036\357\000\040\000l\000o\000g\000\040\000a\000n\000a\000l\000y\000t\000i\000c\000s}{section.2.3}% 53
\BOOKMARK [3][-]{subsubsection.2.3.3.1}{\376\377\001\020\036\267\000c\000\040\000t\000\355\000n\000h\000\040\000p\000h\000\371\000\040\000h\036\343\000p\000\040\000v\036\333\000i\000\040\000l\000o\000g}{subsection.2.3.3}% 54
\BOOKMARK [4][-]{paragraph.2.3.3.1.1}{\376\377\000O\000r\000d\000e\000r\000i\000n\000g\000\040\000k\000e\000y\000\040\000v\000\340\000\040\000w\000o\000r\000k\000l\000o\000a\000d\000\040\000t\000h\036\361\000c\000\040\000t\036\277}{subsubsection.2.3.3.1}% 55
\BOOKMARK [4][-]{paragraph.2.3.3.1.2}{\376\377\000M\000a\000t\000e\000r\000i\000a\000l\000i\000z\000e\000d\000\040\000v\000i\000e\000w\000\040\000c\000h\000o\000\040\000h\000e\000a\000l\000t\000h\000\040\000m\000e\000t\000r\000i\000c\000s}{subsubsection.2.3.3.1}% 56
\BOOKMARK [2][-]{subsection.2.3.4}{\376\377\000R\000e\000d\000i\000s\000\040\000c\000h\000o\000\040\000r\000u\000n\000t\000i\000m\000e\000\040\000s\000t\000a\000t\000e\000,\000\040\000p\000u\000b\000/\000s\000u\000b\000\040\000v\000\340\000\040\000d\000e\000d\000u\000p\000l\000i\000c\000a\000t\000i\000o\000n}{section.2.3}% 57
\BOOKMARK [3][-]{subsubsection.2.3.4.1}{\376\377\000V\000a\000i\000\040\000t\000r\000\362\000\040\001\021\000a\000\040\000n\000h\000i\036\307\000m}{subsection.2.3.4}% 58
\BOOKMARK [4][-]{paragraph.2.3.4.1.1}{\376\377\000T\000r\000a\000d\000e\000-\000o\000f\000f\000\040\000v\036\301\000\040\000t\000\355\000n\000h\000\040\000b\036\301\000n\000\040\000v\036\357\000n\000g}{subsubsection.2.3.4.1}% 59
\BOOKMARK [4][-]{paragraph.2.3.4.1.2}{\376\377\000L\000u\000a\000\040\000v\000\340\000\040\000a\000t\000o\000m\000i\000c\000\040\000u\000p\000d\000a\000t\000e}{subsubsection.2.3.4.1}% 60
\BOOKMARK [2][-]{subsection.2.3.5}{\376\377\000P\000o\000s\000t\000g\000r\000e\000S\000Q\000L\000\040\000c\000h\000o\000\040\000u\000s\000e\000r\000\040\000v\000\340\000\040\000R\000B\000A\000C}{section.2.3}% 61
\BOOKMARK [3][-]{subsubsection.2.3.5.1}{\376\377\000L\000\375\000\040\000d\000o\000\040\000t\000\341\000c\000h\000\040\000i\000d\000e\000n\000t\000i\000t\000y\000\040\000k\000h\036\317\000i\000\040\000l\000o\000g\000\040\000s\000t\000o\000r\000e}{subsection.2.3.5}% 62
\BOOKMARK [4][-]{paragraph.2.3.5.1.1}{\376\377\000G\000i\036\333\000i\000\040\000h\036\241\000n\000\040\000c\036\347\000a\000\040\000m\000\364\000\040\000h\000\354\000n\000h\000\040\000a\000l\000l\000o\000w\000e\000d\000\137\000a\000p\000p\000s\000\040\000d\036\241\000n\000g\000\040\000t\000e\000x\000t}{subsubsection.2.3.5.1}% 63
\BOOKMARK [2][-]{subsection.2.3.6}{\376\377\000B\000u\000n\000\040\000w\000e\000b\000\040\000s\000e\000r\000v\000e\000r\000\040\000v\000\340\000\040\000f\000r\000o\000n\000t\000e\000n\000d\000\040\000t\001\051\000n\000h}{section.2.3}% 64
\BOOKMARK [3][-]{subsubsection.2.3.6.1}{\376\377\000Q\000u\000y\036\277\000t\000\040\001\021\036\313\000n\000h\000\040\000g\036\331\000p\000\040\000H\000T\000M\000L\000,\000\040\000R\000E\000S\000T\000\040\000A\000P\000I\000\040\000v\000\340\000\040\000W\000e\000b\000S\000o\000c\000k\000e\000t}{subsection.2.3.6}% 65
\BOOKMARK [4][-]{paragraph.2.3.6.1.1}{\376\377\000R\036\347\000i\000\040\000r\000o\000\040\000k\000h\000i\000\040\000h\036\307\000\040\000t\000h\036\321\000n\000g\000\040\000l\036\333\000n\000\040\000h\001\241\000n}{subsubsection.2.3.6.1}% 66
\BOOKMARK [4][-]{paragraph.2.3.6.1.2}{\376\377\000S\000e\000r\000v\000e\000r\000-\000s\000i\000d\000e\000\040\000a\000u\000t\000h\000o\000r\000i\000z\000a\000t\000i\000o\000n\000\040\000c\000h\000o\000\040\000s\000t\000r\000e\000a\000m}{subsubsection.2.3.6.1}% 67
\BOOKMARK [2][-]{subsection.2.3.7}{\376\377\000P\000y\000t\000h\000o\000n\000\040\000c\000l\000a\000s\000s\000i\000f\000i\000e\000r\000\040\000w\000o\000r\000k\000e\000r}{section.2.3}% 68
\BOOKMARK [3][-]{subsubsection.2.3.7.1}{\376\377\000L\000\375\000\040\000d\000o\000\040\000d\000\371\000n\000g\000\040\000P\000y\000t\000h\000o\000n\000\040\000v\000\340\000\040\000O\000N\000N\000X\000\040\000R\000u\000n\000t\000i\000m\000e}{subsection.2.3.7}% 69
\BOOKMARK [4][-]{paragraph.2.3.7.1.1}{\376\377\000C\000h\036\245\000t\000\040\000l\001\260\036\343\000n\000g\000\040\000c\000l\000a\000s\000s\000i\000f\000i\000e\000r\000\040\000c\036\247\000n\000\040\001\021\001\260\036\343\000c\000\040\001\021\000o\000\040\001\021\036\331\000c\000\040\000l\036\255\000p}{subsubsection.2.3.7.1}% 70
\BOOKMARK [2][-]{subsection.2.3.8}{\376\377\000N\000o\000d\000e\000/\000B\000u\000n\000\040\000a\000l\000e\000r\000t\000\040\000w\000o\000r\000k\000e\000r\000\040\000v\000\340\000\040\000G\000o\000\040\000T\000e\000l\000e\000g\000r\000a\000m\000\040\000b\000o\000t}{section.2.3}% 71
\BOOKMARK [3][-]{subsubsection.2.3.8.1}{\376\377\000A\000l\000e\000r\000t\000\040\000w\000o\000r\000k\000e\000r\000\040\000n\000h\001\260\000\040\000p\000o\000l\000i\000c\000y\000\040\000e\000n\000g\000i\000n\000e}{subsection.2.3.8}% 72
\BOOKMARK [4][-]{paragraph.2.3.8.1.1}{\376\377\000T\000e\000l\000e\000g\000r\000a\000m\000\040\000b\000o\000t\000\040\000n\000h\001\260\000\040\000d\000e\000l\000i\000v\000e\000r\000y\000\040\000a\000d\000a\000p\000t\000e\000r}{subsubsection.2.3.8.1}% 73
\BOOKMARK [2][-]{subsection.2.3.9}{\376\377\000D\000o\000c\000k\000e\000r\000\040\000C\000o\000m\000p\000o\000s\000e\000\040\000c\000h\000o\000\040\000m\000\364\000i\000\040\000t\000r\001\260\036\335\000n\000g\000\040\000d\000e\000m\000o}{section.2.3}% 74
\BOOKMARK [3][-]{subsubsection.2.3.9.1}{\376\377\000L\000\375\000\040\000d\000o\000\040\000c\000h\036\315\000n\000\040\000D\000o\000c\000k\000e\000r\000\040\000C\000o\000m\000p\000o\000s\000e}{subsection.2.3.9}% 75
\BOOKMARK [4][-]{paragraph.2.3.9.1.1}{\376\377\000G\000i\036\333\000i\000\040\000h\036\241\000n\000\040\000p\000r\000o\000d\000u\000c\000t\000i\000o\000n}{subsubsection.2.3.9.1}% 76
\BOOKMARK [2][-]{subsection.2.3.10}{\376\377\000T\036\325\000n\000g\000\040\000h\036\343\000p\000\040\000t\000r\000a\000d\000e\000-\000o\000f\000f\000\040\000c\000\364\000n\000g\000\040\000n\000g\000h\036\307}{section.2.3}% 77
\BOOKMARK [1][-]{section.2.4}{\376\377\000T\000h\000i\036\277\000t\000\040\000k\036\277\000\040\000l\000u\036\323\000n\000g\000\040\000d\036\357\000\040\000l\000i\036\307\000u\000\040\000v\000\340\000\040\000s\000e\000q\000u\000e\000n\000c\000e\000\040\000d\000i\000a\000g\000r\000a\000m}{chapter.2}% 78
\BOOKMARK [2][-]{subsection.2.4.1}{\376\377\000L\000u\036\323\000n\000g\000\040\000i\000n\000g\000e\000s\000t\000,\000\040\000c\000l\000a\000s\000s\000i\000f\000y\000\040\000v\000\340\000\040\000p\000e\000r\000s\000i\000s\000t}{section.2.4}% 79
\BOOKMARK [2][-]{subsection.2.4.2}{\376\377\000L\000u\036\323\000n\000g\000\040\000c\036\243\000n\000h\000\040\000b\000\341\000o\000\040\000v\000\340\000\040\000d\000e\000d\000u\000p\000l\000i\000c\000a\000t\000i\000o\000n}{section.2.4}% 80
\BOOKMARK [2][-]{subsection.2.4.3}{\376\377\000L\000u\036\323\000n\000g\000\040\000a\000u\000t\000h\000e\000n\000t\000i\000c\000a\000t\000i\000o\000n\000,\000\040\000A\000P\000I\000\040\000v\000\340\000\040\000R\000B\000A\000C}{section.2.4}% 81
\BOOKMARK [2][-]{subsection.2.4.4}{\376\377\000L\000u\036\323\000n\000g\000\040\000l\000i\000\352\000n\000\040\000k\036\277\000t\000\040\000T\000e\000l\000e\000g\000r\000a\000m}{section.2.4}% 82
\BOOKMARK [1][-]{section.2.5}{\376\377\000T\000h\000i\036\277\000t\000\040\000k\036\277\000\040\000d\036\357\000\040\000l\000i\036\307\000u}{chapter.2}% 83
\BOOKMARK [2][-]{subsection.2.5.1}{\376\377\000S\000c\000h\000e\000m\000a\000\040\000l\000o\000g\000\040\000c\000a\000n\000o\000n\000i\000c\000a\000l}{section.2.5}% 84
\BOOKMARK [2][-]{subsection.2.5.2}{\376\377\000C\000a\000t\000a\000l\000o\000g\000\040\000t\000o\000p\000i\000c\000\040\000v\000\340\000\040\000t\000r\000\341\000c\000h\000\040\000n\000h\000i\036\307\000m}{section.2.5}% 85
\BOOKMARK [2][-]{subsection.2.5.3}{\376\377\000C\000l\000i\000c\000k\000H\000o\000u\000s\000e\000\040\000v\000\340\000\040\000P\000o\000s\000t\000g\000r\000e\000S\000Q\000L}{section.2.5}% 86
\BOOKMARK [2][-]{subsection.2.5.4}{\376\377\000R\000e\000d\000i\000s\000\040\000r\000u\000n\000t\000i\000m\000e\000\040\000s\000t\000a\000t\000e}{section.2.5}% 87
\BOOKMARK [2][-]{subsection.2.5.5}{\376\377\000S\001\241\000\040\001\021\036\323\000\040\000d\036\357\000\040\000l\000i\036\307\000u\000\040\000r\000\372\000t\000\040\000g\036\315\000n}{section.2.5}% 88
\BOOKMARK [1][-]{section.2.6}{\376\377\000T\000h\000i\036\277\000t\000\040\000k\036\277\000\040\000A\000P\000I\000,\000\040\000g\000i\000a\000o\000\040\000d\000i\036\307\000n\000\040\000v\000\340\000\040\000q\000u\000y\036\301\000n\000\040\000t\000r\000u\000y\000\040\000c\036\255\000p}{chapter.2}% 89
\BOOKMARK [1][-]{section.2.7}{\376\377\000P\000h\000\342\000n\000\040\000t\000\355\000c\000h\000\040\000q\000u\000y\036\277\000t\000\040\001\021\036\313\000n\000h\000\040\000t\000h\000i\036\277\000t\000\040\000k\036\277\000\040\000t\000h\000e\000o\000\040\000g\000\363\000c\000\040\000n\000h\000\354\000n\000\040\000k\036\371\000\040\000s\001\260}{chapter.2}% 90
\BOOKMARK [2][-]{subsection.2.7.1}{\376\377\000T\036\241\000i\000\040\000s\000a\000o\000\040\000k\000h\000\364\000n\000g\000\040\000g\000h\000i\000\040\000l\000o\000g\000\040\000t\000r\036\361\000c\000\040\000t\000i\036\277\000p\000\040\000v\000\340\000o\000\040\000s\000t\000o\000r\000a\000g\000e}{section.2.7}% 91
\BOOKMARK [3][-]{subsubsection.2.7.1.1}{\376\377\000R\000\340\000n\000g\000\040\000b\000u\036\331\000c\000\040\000p\000r\000o\000d\000u\000c\000e\000r}{subsection.2.7.1}% 92
\BOOKMARK [4][-]{paragraph.2.7.1.1.1}{\376\377\001\020\036\331\000\040\000t\000r\036\305\000\040\000v\000\340\000\040\001\021\036\331\000\040\000p\000h\036\345\000\040\000t\000h\000u\036\331\000c}{subsubsection.2.7.1.1}% 93
\BOOKMARK [4][-]{paragraph.2.7.1.1.2}{\376\377\000K\000h\036\243\000\040\000n\001\003\000n\000g\000\040\000t\000h\000\352\000m\000\040\000n\000h\000\341\000n\000h\000\040\000x\036\355\000\040\000l\000\375}{subsubsection.2.7.1.1}% 94
\BOOKMARK [3][-]{subsubsection.2.7.1.2}{\376\377\000R\000\340\000n\000g\000\040\000b\000u\036\331\000c\000\040\000s\000t\000o\000r\000a\000g\000e}{subsection.2.7.1}% 95
\BOOKMARK [4][-]{paragraph.2.7.1.2.1}{\376\377\000B\000a\000t\000c\000h\000i\000n\000g}{subsubsection.2.7.1.2}% 96
\BOOKMARK [2][-]{subsection.2.7.2}{\376\377\000T\036\241\000i\000\040\000s\000a\000o\000\040\000c\036\247\000n\000\040\000T\000r\000a\000c\000e\000\137\000I\000D\000\040\000n\000g\000a\000y\000\040\000t\036\353\000\040\000s\000t\000a\000g\000e\000\040\001\021\036\247\000u}{section.2.7}% 97
\BOOKMARK [3][-]{subsubsection.2.7.2.1}{\376\377\000L\000i\000\352\000n\000\040\000k\036\277\000t\000\040\000l\000i\000f\000e\000c\000y\000c\000l\000e}{subsection.2.7.2}% 98
\BOOKMARK [4][-]{paragraph.2.7.2.1.1}{\376\377\000M\036\331\000t\000\040\000l\000o\000g\000,\000\040\000n\000h\000i\036\301\000u\000\040\000t\000r\036\241\000n\000g\000\040\000t\000h\000\341\000i}{subsubsection.2.7.2.1}% 99
\BOOKMARK [4][-]{paragraph.2.7.2.1.2}{\376\377\000G\000i\036\333\000i\000\040\000h\036\241\000n\000\040\000h\000i\036\307\000n\000\040\000t\036\241\000i}{subsubsection.2.7.2.1}% 100
\BOOKMARK [2][-]{subsection.2.7.3}{\376\377\000T\036\241\000i\000\040\000s\000a\000o\000\040\000t\000\341\000c\000h\000\040\000a\000l\000e\000r\000t\000\040\000k\000h\036\317\000i\000\040\000c\000l\000a\000s\000s\000i\000f\000i\000e\000r}{section.2.7}% 101
\BOOKMARK [3][-]{subsubsection.2.7.3.1}{\376\377\001\020\036\331\000\040\001\260\000u\000\040\000t\000i\000\352\000n\000\040\000x\036\355\000\040\000l\000\375}{subsection.2.7.3}% 102
\BOOKMARK [4][-]{paragraph.2.7.3.1.1}{\376\377\000A\000l\000e\000r\000t\000\040\000k\000h\000\364\000n\000g\000\040\000n\000\352\000n\000\040\000c\000h\036\335\000\040\000M\000L}{subsubsection.2.7.3.1}% 103
\BOOKMARK [4][-]{paragraph.2.7.3.1.2}{\376\377\000N\000o\000i\000s\000e\000\040\000v\000\340\000\040\000d\000e\000d\000u\000p}{subsubsection.2.7.3.1}% 104
\BOOKMARK [2][-]{subsection.2.7.4}{\376\377\000T\036\241\000i\000\040\000s\000a\000o\000\040\000d\000a\000s\000h\000b\000o\000a\000r\000d\000\040\000c\036\247\000n\000\040\000c\036\243\000\040\000l\036\313\000c\000h\000\040\000s\036\355\000\040\000v\000\340\000\040\000s\000t\000r\000e\000a\000m}{section.2.7}% 105
\BOOKMARK [3][-]{subsubsection.2.7.4.1}{\376\377\000H\000y\000d\000r\000a\000t\000i\000o\000n\000\040\000b\000a\000n\000\040\001\021\036\247\000u}{subsection.2.7.4}% 106
\BOOKMARK [4][-]{paragraph.2.7.4.1.1}{\376\377\000H\000i\000s\000t\000o\000r\000i\000c\000a\000l\000\040\000A\000P\000I}{subsubsection.2.7.4.1}% 107
\BOOKMARK [3][-]{subsubsection.2.7.4.2}{\376\377\000D\000e\000l\000t\000a\000\040\000t\000h\036\335\000i\000\040\000g\000i\000a\000n\000\040\000t\000h\036\361\000c}{subsection.2.7.4}% 108
\BOOKMARK [4][-]{paragraph.2.7.4.2.1}{\376\377\000W\000e\000b\000S\000o\000c\000k\000e\000t\000\040\000f\000a\000n\000-\000o\000u\000t}{subsubsection.2.7.4.2}% 109
\BOOKMARK [1][-]{section.2.8}{\376\377\000P\000h\001\260\001\241\000n\000g\000\040\000p\000h\000\341\000p\000\040\000k\000i\036\303\000m\000\040\000t\000h\036\355\000\040\000v\000\340\000\040\001\021\000o\000\040\000l\001\260\036\335\000n\000g}{chapter.2}% 110
\BOOKMARK [1][-]{section.2.9}{\376\377\000P\000h\001\260\001\241\000n\000g\000\040\000p\000h\000\341\000p\000\040\001\021\036\321\000i\000\040\000c\000h\000i\036\277\000u\000\040\000v\036\333\000i\000\040\000t\000\340\000i\000\040\000l\000i\036\307\000u\000\040\000m\036\253\000u}{chapter.2}% 111
\BOOKMARK [0][-]{chapter.3}{\376\377\000K\036\277\000t\000\040\000q\000u\036\243\000\040\000t\000h\036\361\000c\000\040\000h\000i\036\307\000n\000\040\000v\000\340\000\040\001\021\000\341\000n\000h\000\040\000g\000i\000\341}{}% 112
\BOOKMARK [1][-]{section.3.1}{\376\377\000M\000\364\000i\000\040\000t\000r\001\260\036\335\000n\000g\000\040\000t\000r\000i\036\303\000n\000\040\000k\000h\000a\000i}{chapter.3}% 113
\BOOKMARK [1][-]{section.3.2}{\376\377\000K\036\277\000t\000\040\000q\000u\036\243\000\040\000h\000i\036\307\000n\000\040\000t\000h\036\361\000c\000\040\000t\000h\000e\000o\000\040\000m\000\343\000\040\000n\000g\000u\036\323\000n}{chapter.3}% 114
\BOOKMARK [1][-]{section.3.3}{\376\377\001\020\000\341\000n\000h\000\040\000g\000i\000\341\000\040\000l\000u\036\323\000n\000g\000\040\000x\036\355\000\040\000l\000\375}{chapter.3}% 115
\BOOKMARK [1][-]{section.3.4}{\376\377\001\020\000\341\000n\000h\000\040\000g\000i\000\341\000\040\000b\036\243\000o\000\040\000m\036\255\000t\000\040\000v\000\340\000\040\000p\000h\000\342\000n\000\040\000q\000u\000y\036\301\000n}{chapter.3}% 116
\BOOKMARK [1][-]{section.3.5}{\376\377\001\020\000\341\000n\000h\000\040\000g\000i\000\341\000\040\000d\036\357\000\040\000l\000i\036\307\000u\000\040\000v\000\340\000\040\000t\000r\000u\000y\000\040\000v\036\245\000n}{chapter.3}% 117
\BOOKMARK [1][-]{section.3.6}{\376\377\000K\036\313\000c\000h\000\040\000b\036\243\000n\000\040\000t\000h\036\355\000\040\000n\000g\000h\000i\036\307\000m\000\040\000h\000i\036\307\000n\000\040\000c\000\363\000\040\000t\000r\000o\000n\000g\000\040\000m\000\343\000\040\000n\000g\000u\036\323\000n}{chapter.3}% 118
\BOOKMARK [1][-]{section.3.7}{\376\377\000B\036\243\000n\000g\000\040\000k\036\277\000t\000\040\000q\000u\036\243\000\040\000t\000h\036\361\000c\000\040\000n\000g\000h\000i\036\307\000m}{chapter.3}% 119
\BOOKMARK [1][-]{section.3.8}{\376\377\001\020\000\341\000n\000h\000\040\000g\000i\000\341\000\040\000t\036\325\000n\000g\000\040\000h\036\343\000p}{chapter.3}% 120
\BOOKMARK [0][-]{chapter.4}{\376\377\000K\036\277\000t\000\040\000l\000u\036\255\000n}{}% 121
\BOOKMARK [1][-]{section.4.1}{\376\377\000T\036\325\000n\000g\000\040\000k\036\277\000t}{chapter.4}% 122
\BOOKMARK [1][-]{section.4.2}{\376\377\000K\036\277\000t\000\040\000q\000u\036\243\000\040\001\021\036\241\000t\000\040\001\021\001\260\036\343\000c}{chapter.4}% 123
\BOOKMARK [1][-]{section.4.3}{\376\377\000H\036\241\000n\000\040\000c\000h\036\277}{chapter.4}% 124
\BOOKMARK [1][-]{section.4.4}{\376\377\000H\001\260\036\333\000n\000g\000\040\000p\000h\000\341\000t\000\040\000t\000r\000i\036\303\000n}{chapter.4}% 125
\BOOKMARK [0][-]{chapter*.17}{\376\377\000T\000\340\000i\000\040\000l\000i\036\307\000u\000\040\000t\000h\000a\000m\000\040\000k\000h\036\243\000o}{}% 126
