This is pdfTeX, Version 3.141592653-2.6-1.40.27 (TeX Live 2025/nixos.org) (preloaded format=pdflatex 1980.1.1)  5 JUL 2026 22:38
entering extended mode
 \write18 enabled.
 %&-line parsing enabled.
**main-v8.tex
(./main-v8.tex
LaTeX2e <2025-11-01>
L3 programming layer <2026-01-19>

LaTeX Warning: Writing or overwriting file `fig-architecture.svg'.

\openout15 = `fig-architecture.svg'.



LaTeX Warning: Writing or overwriting file `fig-seq-ingest.svg'.

\openout15 = `fig-seq-ingest.svg'.



LaTeX Warning: Writing or overwriting file `fig-seq-alert.svg'.

\openout15 = `fig-seq-alert.svg'.



LaTeX Warning: Writing or overwriting file `fig-seq-rbac.svg'.

\openout15 = `fig-seq-rbac.svg'.



LaTeX Warning: Writing or overwriting file `fig-seq-telegram.svg'.

\openout15 = `fig-seq-telegram.svg'.



LaTeX Warning: Writing or overwriting file `fig-data-model.svg'.

\openout15 = `fig-data-model.svg'.



(/nix/store/c98w3qqk6xxbxihbgxs1vpwi50kxcydr-texlive-combined-full-2025-final-t
exmfdist/tex/latex/extsizes/extreport.cls
Document Class: extreport 1996/10/08 v1.0 Non Standard LaTeX document class

(/nix/store/c98w3qqk6xxbxihbgxs1vpwi50kxcydr-texlive-combined-full-2025-final-t
exmfdist/tex/latex/base/size10.clo
File: size10.clo 2025/01/22 v1.4n Standard LaTeX file (size option)
)
(/nix/store/c98w3qqk6xxbxihbgxs1vpwi50kxcydr-texlive-combined-full-2025-final-t
exmfdist/tex/latex/base/exscale.sty
Package: exscale 2025/06/05 v2.1i Standard LaTeX package exscale
LaTeX Font Info:    Redeclaring symbol font `largesymbols' on input line 57.
LaTeX Font Info:    Overwriting symbol font `largesymbols' in version `normal'
(Font)                  OMX/cmex/m/n --> OMX/cmex/m/n on input line 57.
LaTeX Font Info:    Overwriting symbol font `largesymbols' in version `bold'
(Font)                  OMX/cmex/m/n --> OMX/cmex/m/n on input line 57.
\big@size=\dimen148
)
\c@part=\count275
\c@chapter=\count276
\c@section=\count277
\c@subsection=\count278
\c@subsubsection=\count279
\c@paragraph=\count280
\c@subparagraph=\count281
\c@figure=\count282
\c@table=\count283
\abovecaptionskip=\skip49
\belowcaptionskip=\skip50
\bibindent=\dimen149
)
(/nix/store/c98w3qqk6xxbxihbgxs1vpwi50kxcydr-texlive-combined-full-2025-final-t
exmfdist/tex/generic/iftex/iftex.sty
Package: iftex 2024/12/12 v1.0g TeX engine tests
)
(/nix/store/c98w3qqk6xxbxihbgxs1vpwi50kxcydr-texlive-combined-full-2025-final-t
exmfdist/tex/latex/base/inputenc.sty
Package: inputenc 2024/02/08 v1.3d Input encoding file
\inpenc@prehook=\toks17
\inpenc@posthook=\toks18
)
(/nix/store/c98w3qqk6xxbxihbgxs1vpwi50kxcydr-texlive-combined-full-2025-final-t
exmfdist/tex/latex/base/fontenc.sty
Package: fontenc 2025/07/18 v2.1d Standard LaTeX package

(/nix/store/c98w3qqk6xxbxihbgxs1vpwi50kxcydr-texlive-combined-full-2025-final-t
exmfdist/tex/latex/vntex/t5enc.def
File: t5enc.def 2006/11/21 v1.4 Vietnamese T5 encoding
Now handling font encoding T5 ...
... processing UTF-8 mapping file for font encoding T5

(/nix/store/c98w3qqk6xxbxihbgxs1vpwi50kxcydr-texlive-combined-full-2025-final-t
exmfdist/tex/latex/vntex/t5enc.dfu
File: t5enc.dfu 2006/08/19 v1.1 UTF8 support for Vietnamese
   defining Unicode char U+00AB (decimal 171)
   defining Unicode char U+00BB (decimal 187)
   defining Unicode char U+00C0 (decimal 192)
   defining Unicode char U+00C1 (decimal 193)
   defining Unicode char U+00C2 (decimal 194)
   defining Unicode char U+00C3 (decimal 195)
   defining Unicode char U+00C8 (decimal 200)
   defining Unicode char U+00C9 (decimal 201)
   defining Unicode char U+00CA (decimal 202)
   defining Unicode char U+00CC (decimal 204)
   defining Unicode char U+00CD (decimal 205)
   defining Unicode char U+00D2 (decimal 210)
   defining Unicode char U+00D3 (decimal 211)
   defining Unicode char U+00D4 (decimal 212)
   defining Unicode char U+00D5 (decimal 213)
   defining Unicode char U+00D9 (decimal 217)
   defining Unicode char U+00DA (decimal 218)
   defining Unicode char U+00DD (decimal 221)
   defining Unicode char U+00E0 (decimal 224)
   defining Unicode char U+00E1 (decimal 225)
   defining Unicode char U+00E2 (decimal 226)
   defining Unicode char U+00E3 (decimal 227)
   defining Unicode char U+00E8 (decimal 232)
   defining Unicode char U+00E9 (decimal 233)
   defining Unicode char U+00EA (decimal 234)
   defining Unicode char U+00EC (decimal 236)
   defining Unicode char U+00ED (decimal 237)
   defining Unicode char U+00F2 (decimal 242)
   defining Unicode char U+00F3 (decimal 243)
   defining Unicode char U+00F4 (decimal 244)
   defining Unicode char U+00F5 (decimal 245)
   defining Unicode char U+00F9 (decimal 249)
   defining Unicode char U+00FA (decimal 250)
   defining Unicode char U+00FD (decimal 253)
   defining Unicode char U+0102 (decimal 258)
   defining Unicode char U+0103 (decimal 259)
   defining Unicode char U+0110 (decimal 272)
   defining Unicode char U+0111 (decimal 273)
   defining Unicode char U+0128 (decimal 296)
   defining Unicode char U+0129 (decimal 297)
   defining Unicode char U+0131 (decimal 305)
   defining Unicode char U+0168 (decimal 360)
   defining Unicode char U+0169 (decimal 361)
   defining Unicode char U+01A0 (decimal 416)
   defining Unicode char U+01A1 (decimal 417)
   defining Unicode char U+01AF (decimal 431)
   defining Unicode char U+01B0 (decimal 432)
   defining Unicode char U+1EA0 (decimal 7840)
   defining Unicode char U+1EA1 (decimal 7841)
   defining Unicode char U+1EA2 (decimal 7842)
   defining Unicode char U+1EA3 (decimal 7843)
   defining Unicode char U+1EA4 (decimal 7844)
   defining Unicode char U+1EA5 (decimal 7845)
   defining Unicode char U+1EA6 (decimal 7846)
   defining Unicode char U+1EA7 (decimal 7847)
   defining Unicode char U+1EA8 (decimal 7848)
   defining Unicode char U+1EA9 (decimal 7849)
   defining Unicode char U+1EAA (decimal 7850)
   defining Unicode char U+1EAB (decimal 7851)
   defining Unicode char U+1EAC (decimal 7852)
   defining Unicode char U+1EAD (decimal 7853)
   defining Unicode char U+1EAE (decimal 7854)
   defining Unicode char U+1EAF (decimal 7855)
   defining Unicode char U+1EB0 (decimal 7856)
   defining Unicode char U+1EB1 (decimal 7857)
   defining Unicode char U+1EB2 (decimal 7858)
   defining Unicode char U+1EB3 (decimal 7859)
   defining Unicode char U+1EB4 (decimal 7860)
   defining Unicode char U+1EB5 (decimal 7861)
   defining Unicode char U+1EB6 (decimal 7862)
   defining Unicode char U+1EB7 (decimal 7863)
   defining Unicode char U+1EB8 (decimal 7864)
   defining Unicode char U+1EB9 (decimal 7865)
   defining Unicode char U+1EBA (decimal 7866)
   defining Unicode char U+1EBB (decimal 7867)
   defining Unicode char U+1EBC (decimal 7868)
   defining Unicode char U+1EBD (decimal 7869)
   defining Unicode char U+1EBE (decimal 7870)
   defining Unicode char U+1EBF (decimal 7871)
   defining Unicode char U+1EC0 (decimal 7872)
   defining Unicode char U+1EC1 (decimal 7873)
   defining Unicode char U+1EC2 (decimal 7874)
   defining Unicode char U+1EC3 (decimal 7875)
   defining Unicode char U+1EC4 (decimal 7876)
   defining Unicode char U+1EC5 (decimal 7877)
   defining Unicode char U+1EC6 (decimal 7878)
   defining Unicode char U+1EC7 (decimal 7879)
   defining Unicode char U+1EC8 (decimal 7880)
   defining Unicode char U+1EC9 (decimal 7881)
   defining Unicode char U+1ECA (decimal 7882)
   defining Unicode char U+1ECB (decimal 7883)
   defining Unicode char U+1ECC (decimal 7884)
   defining Unicode char U+1ECD (decimal 7885)
   defining Unicode char U+1ECE (decimal 7886)
   defining Unicode char U+1ECF (decimal 7887)
   defining Unicode char U+1ED0 (decimal 7888)
   defining Unicode char U+1ED1 (decimal 7889)
   defining Unicode char U+1ED2 (decimal 7890)
   defining Unicode char U+1ED3 (decimal 7891)
   defining Unicode char U+1ED4 (decimal 7892)
   defining Unicode char U+1ED5 (decimal 7893)
   defining Unicode char U+1ED6 (decimal 7894)
   defining Unicode char U+1ED7 (decimal 7895)
   defining Unicode char U+1ED8 (decimal 7896)
   defining Unicode char U+1ED9 (decimal 7897)
   defining Unicode char U+1EDA (decimal 7898)
   defining Unicode char U+1EDB (decimal 7899)
   defining Unicode char U+1EDC (decimal 7900)
   defining Unicode char U+1EDD (decimal 7901)
   defining Unicode char U+1EDE (decimal 7902)
   defining Unicode char U+1EDF (decimal 7903)
   defining Unicode char U+1EE0 (decimal 7904)
   defining Unicode char U+1EE1 (decimal 7905)
   defining Unicode char U+1EE2 (decimal 7906)
   defining Unicode char U+1EE3 (decimal 7907)
   defining Unicode char U+1EE4 (decimal 7908)
   defining Unicode char U+1EE5 (decimal 7909)
   defining Unicode char U+1EE6 (decimal 7910)
   defining Unicode char U+1EE7 (decimal 7911)
   defining Unicode char U+1EE8 (decimal 7912)
   defining Unicode char U+1EE9 (decimal 7913)
   defining Unicode char U+1EEA (decimal 7914)
   defining Unicode char U+1EEB (decimal 7915)
   defining Unicode char U+1EEC (decimal 7916)
   defining Unicode char U+1EED (decimal 7917)
   defining Unicode char U+1EEE (decimal 7918)
   defining Unicode char U+1EEF (decimal 7919)
   defining Unicode char U+1EF0 (decimal 7920)
   defining Unicode char U+1EF1 (decimal 7921)
   defining Unicode char U+1EF2 (decimal 7922)
   defining Unicode char U+1EF3 (decimal 7923)
   defining Unicode char U+1EF4 (decimal 7924)
   defining Unicode char U+1EF5 (decimal 7925)
   defining Unicode char U+1EF6 (decimal 7926)
   defining Unicode char U+1EF7 (decimal 7927)
   defining Unicode char U+1EF8 (decimal 7928)
   defining Unicode char U+1EF9 (decimal 7929)
   defining Unicode char U+200C (decimal 8204)
   defining Unicode char U+2013 (decimal 8211)
   defining Unicode char U+2014 (decimal 8212)
   defining Unicode char U+2018 (decimal 8216)
   defining Unicode char U+2019 (decimal 8217)
   defining Unicode char U+201A (decimal 8218)
   defining Unicode char U+201C (decimal 8220)
   defining Unicode char U+201D (decimal 8221)
   defining Unicode char U+201E (decimal 8222)
   defining Unicode char U+2030 (decimal 8240)
   defining Unicode char U+2031 (decimal 8241)
   defining Unicode char U+2039 (decimal 8249)
   defining Unicode char U+203A (decimal 8250)
   defining Unicode char U+2423 (decimal 9251)
)))
(/nix/store/c98w3qqk6xxbxihbgxs1vpwi50kxcydr-texlive-combined-full-2025-final-t
exmfdist/tex/generic/babel/babel.sty
Package: babel 2026/02/14 v26.3 The multilingual framework for LuaLaTeX, pdfLaT
eX and XeLaTeX
\babel@savecnt=\count284
LaTeX Encoding Info:    Redeclaring text command \ij (encoding OT1) on input li
ne 2078.
LaTeX Encoding Info:    Redeclaring text command \IJ (encoding OT1) on input li
ne 2080.
LaTeX Encoding Info:    Redeclaring text command \ij (encoding T1) on input lin
e 2082.
LaTeX Encoding Info:    Redeclaring text command \IJ (encoding T1) on input lin
e 2083.
LaTeX Encoding Info:    Ignoring declaration for text command \ij (encoding ?) 
on input line 2084.
LaTeX Encoding Info:    Ignoring declaration for text command \IJ (encoding ?) 
on input line 2086.
LaTeX Encoding Info:    Ignoring declaration for text command \SS (encoding ?) 
on input line 2111.
\U@D=\dimen150
\l@unhyphenated=\language90

(/nix/store/c98w3qqk6xxbxihbgxs1vpwi50kxcydr-texlive-combined-full-2025-final-t
exmfdist/tex/generic/babel/txtbabel.def)
\bbl@readstream=\read2
\bbl@dirlevel=\count285

(/nix/store/c98w3qqk6xxbxihbgxs1vpwi50kxcydr-texlive-combined-full-2025-final-t
exmfdist/tex/generic/babel/locale/vi/babel-vietnamese.tex)
Package babel Info: Importing font and identification data for vietnamese
(babel)             from babel-vi.ini. Reported on input line 4330.

(/nix/store/c98w3qqk6xxbxihbgxs1vpwi50kxcydr-texlive-combined-full-2025-final-t
exmfdist/tex/generic/babel-vietnamese/vietnamese.ldf
Language: vietnamese 

Loading definitions for the Vietnamese font encoding
(/nix/store/c98w3qqk6xxbxihbgxs1vpwi50kxcydr-texlive-combined-full-2025-final-t
exmfdist/tex/latex/vntex/t5enc.def
File: t5enc.def 2006/11/21 v1.4 Vietnamese T5 encoding
LaTeX Font Info:    Redeclaring font encoding T5 on input line 75.
LaTeX Encoding Info:    Redeclaring text command \` (encoding T5) on input line
 79.
LaTeX Encoding Info:    Redeclaring text command \' (encoding T5) on input line
 80.
LaTeX Encoding Info:    Redeclaring text command \^ (encoding T5) on input line
 81.
LaTeX Encoding Info:    Redeclaring text command \~ (encoding T5) on input line
 82.
LaTeX Encoding Info:    Redeclaring text command \" (encoding T5) on input line
 83.
LaTeX Encoding Info:    Redeclaring text command \r (encoding T5) on input line
 84.
LaTeX Encoding Info:    Redeclaring text command \v (encoding T5) on input line
 85.
LaTeX Encoding Info:    Redeclaring text command \u (encoding T5) on input line
 86.
LaTeX Encoding Info:    Redeclaring text command \= (encoding T5) on input line
 87.
LaTeX Encoding Info:    Redeclaring text command \. (encoding T5) on input line
 88.
LaTeX Encoding Info:    Redeclaring text command \b (encoding T5) on input line
 90.
LaTeX Encoding Info:    Redeclaring text command \c (encoding T5) on input line
 94.
LaTeX Encoding Info:    Redeclaring text command \d (encoding T5) on input line
 98.
LaTeX Encoding Info:    Redeclaring text command \h (encoding T5) on input line
 103.
LaTeX Encoding Info:    Redeclaring text symbol \quotesinglbase (encoding T5) o
n input line 105.
LaTeX Encoding Info:    Redeclaring text symbol \guilsinglleft (encoding T5) on
 input line 106.
LaTeX Encoding Info:    Redeclaring text symbol \guilsinglright (encoding T5) o
n input line 107.
LaTeX Encoding Info:    Redeclaring text symbol \textquotedblleft (encoding T5)
 on input line 108.
LaTeX Encoding Info:    Redeclaring text symbol \textquotedblright (encoding T5
) on input line 109.
LaTeX Encoding Info:    Redeclaring text symbol \quotedblbase (encoding T5) on 
input line 110.
LaTeX Encoding Info:    Redeclaring text symbol \guillemotleft (encoding T5) on
 input line 111.
LaTeX Encoding Info:    Redeclaring text symbol \guillemotright (encoding T5) o
n input line 112.
LaTeX Encoding Info:    Redeclaring text symbol \textendash (encoding T5) on in
put line 113.
LaTeX Encoding Info:    Redeclaring text symbol \textemdash (encoding T5) on in
put line 114.
LaTeX Encoding Info:    Redeclaring text symbol \textcompwordmark (encoding T5)
 on input line 115.
LaTeX Encoding Info:    Redeclaring text command \textperthousand (encoding T5)
 on input line 117.
LaTeX Encoding Info:    Redeclaring text command \textpertenthousand (encoding 
T5) on input line 118.
LaTeX Encoding Info:    Redeclaring text symbol \i (encoding T5) on input line 
119.
LaTeX Encoding Info:    Redeclaring text symbol \textvisiblespace (encoding T5)
 on input line 121.
LaTeX Encoding Info:    Redeclaring text symbol \textquotedbl (encoding T5) on 
input line 122.
LaTeX Encoding Info:    Redeclaring text symbol \textdollar (encoding T5) on in
put line 123.
LaTeX Encoding Info:    Redeclaring text symbol \textquoteright (encoding T5) o
n input line 124.
LaTeX Encoding Info:    Redeclaring text symbol \textless (encoding T5) on inpu
t line 125.
LaTeX Encoding Info:    Redeclaring text symbol \textgreater (encoding T5) on i
nput line 126.
LaTeX Encoding Info:    Redeclaring text symbol \textbackslash (encoding T5) on
 input line 127.
LaTeX Encoding Info:    Redeclaring text symbol \textasciicircum (encoding T5) 
on input line 128.
LaTeX Encoding Info:    Redeclaring text symbol \textunderscore (encoding T5) o
n input line 129.
LaTeX Encoding Info:    Redeclaring text symbol \textquoteleft (encoding T5) on
 input line 130.
LaTeX Encoding Info:    Redeclaring text symbol \textbraceleft (encoding T5) on
 input line 131.
LaTeX Encoding Info:    Redeclaring text symbol \textbar (encoding T5) on input
 line 132.
LaTeX Encoding Info:    Redeclaring text symbol \textbraceright (encoding T5) o
n input line 133.
LaTeX Encoding Info:    Redeclaring text symbol \textasciitilde (encoding T5) o
n input line 134.
LaTeX Encoding Info:    Redeclaring text command \horn (encoding T5) on input l
ine 137.
LaTeX Encoding Info:    Redeclaring text symbol \DJ (encoding T5) on input line
 306.
LaTeX Encoding Info:    Redeclaring text symbol \dj (encoding T5) on input line
 307.
LaTeX Encoding Info:    Redeclaring text symbol \Acircumflex (encoding T5) on i
nput line 312.
LaTeX Encoding Info:    Redeclaring text symbol \Abreve (encoding T5) on input 
line 319.
LaTeX Encoding Info:    Redeclaring text symbol \Ecircumflex (encoding T5) on i
nput line 326.
LaTeX Encoding Info:    Redeclaring text symbol \Ocircumflex (encoding T5) on i
nput line 333.
LaTeX Encoding Info:    Redeclaring text symbol \Ohorn (encoding T5) on input l
ine 340.
LaTeX Encoding Info:    Redeclaring text symbol \Uhorn (encoding T5) on input l
ine 347.
LaTeX Encoding Info:    Redeclaring text symbol \acircumflex (encoding T5) on i
nput line 354.
LaTeX Encoding Info:    Redeclaring text symbol \abreve (encoding T5) on input 
line 361.
LaTeX Encoding Info:    Redeclaring text symbol \ecircumflex (encoding T5) on i
nput line 368.
LaTeX Encoding Info:    Redeclaring text symbol \ocircumflex (encoding T5) on i
nput line 375.
LaTeX Encoding Info:    Redeclaring text symbol \ohorn (encoding T5) on input l
ine 382.
LaTeX Encoding Info:    Redeclaring text symbol \uhorn (encoding T5) on input l
ine 389.
LaTeX Encoding Info:    Redeclaring text symbol \ACIRCUMFLEX (encoding T5) on i
nput line 397.
LaTeX Encoding Info:    Redeclaring text symbol \ABREVE (encoding T5) on input 
line 404.
LaTeX Encoding Info:    Redeclaring text symbol \ECIRCUMFLEX (encoding T5) on i
nput line 411.
LaTeX Encoding Info:    Redeclaring text symbol \OCIRCUMFLEX (encoding T5) on i
nput line 418.
LaTeX Encoding Info:    Redeclaring text symbol \OHORN (encoding T5) on input l
ine 425.
LaTeX Encoding Info:    Redeclaring text symbol \UHORN (encoding T5) on input l
ine 432.
)
Package babel Info: Making " an active character on input line 147.
))
(/nix/store/c98w3qqk6xxbxihbgxs1vpwi50kxcydr-texlive-combined-full-2025-final-t
exmfdist/tex/latex/psnfss/mathptmx.sty
Package: mathptmx 2020/03/25 PSNFSS-v9.3 Times w/ Math, improved (SPQR, WaS) 
LaTeX Font Info:    Redeclaring symbol font `operators' on input line 28.
LaTeX Font Info:    Overwriting symbol font `operators' in version `normal'
(Font)                  OT1/cmr/m/n --> OT1/ztmcm/m/n on input line 28.
LaTeX Font Info:    Overwriting symbol font `operators' in version `bold'
(Font)                  OT1/cmr/bx/n --> OT1/ztmcm/m/n on input line 28.
LaTeX Font Info:    Redeclaring symbol font `letters' on input line 29.
LaTeX Font Info:    Overwriting symbol font `letters' in version `normal'
(Font)                  OML/cmm/m/it --> OML/ztmcm/m/it on input line 29.
LaTeX Font Info:    Overwriting symbol font `letters' in version `bold'
(Font)                  OML/cmm/b/it --> OML/ztmcm/m/it on input line 29.
LaTeX Font Info:    Redeclaring symbol font `symbols' on input line 30.
LaTeX Font Info:    Overwriting symbol font `symbols' in version `normal'
(Font)                  OMS/cmsy/m/n --> OMS/ztmcm/m/n on input line 30.
LaTeX Font Info:    Overwriting symbol font `symbols' in version `bold'
(Font)                  OMS/cmsy/b/n --> OMS/ztmcm/m/n on input line 30.
LaTeX Font Info:    Redeclaring symbol font `largesymbols' on input line 31.
LaTeX Font Info:    Overwriting symbol font `largesymbols' in version `normal'
(Font)                  OMX/cmex/m/n --> OMX/ztmcm/m/n on input line 31.
LaTeX Font Info:    Overwriting symbol font `largesymbols' in version `bold'
(Font)                  OMX/cmex/m/n --> OMX/ztmcm/m/n on input line 31.
\symbold=\mathgroup4
\symitalic=\mathgroup5
LaTeX Font Info:    Redeclaring math alphabet \mathbf on input line 34.
LaTeX Font Info:    Overwriting math alphabet `\mathbf' in version `normal'
(Font)                  OT1/cmr/bx/n --> OT1/ptm/bx/n on input line 34.
LaTeX Font Info:    Overwriting math alphabet `\mathbf' in version `bold'
(Font)                  OT1/cmr/bx/n --> OT1/ptm/bx/n on input line 34.
LaTeX Font Info:    Redeclaring math alphabet \mathit on input line 35.
LaTeX Font Info:    Overwriting math alphabet `\mathit' in version `normal'
(Font)                  OT1/cmr/m/it --> OT1/ptm/m/it on input line 35.
LaTeX Font Info:    Overwriting math alphabet `\mathit' in version `bold'
(Font)                  OT1/cmr/bx/it --> OT1/ptm/m/it on input line 35.
LaTeX Info: Redefining \hbar on input line 50.
)
(/nix/store/c98w3qqk6xxbxihbgxs1vpwi50kxcydr-texlive-combined-full-2025-final-t
exmfdist/tex/latex/amsmath/amsmath.sty
Package: amsmath 2025/07/09 v2.17z AMS math features
\@mathmargin=\skip51

For additional information on amsmath, use the `?' option.

(/nix/store/c98w3qqk6xxbxihbgxs1vpwi50kxcydr-texlive-combined-full-2025-final-t
exmfdist/tex/latex/amsmath/amstext.sty
Package: amstext 2024/11/17 v2.01 AMS text

(/nix/store/c98w3qqk6xxbxihbgxs1vpwi50kxcydr-texlive-combined-full-2025-final-t
exmfdist/tex/latex/amsmath/amsgen.sty
File: amsgen.sty 1999/11/30 v2.0 generic functions
\@emptytoks=\toks19
\ex@=\dimen151
))
(/nix/store/c98w3qqk6xxbxihbgxs1vpwi50kxcydr-texlive-combined-full-2025-final-t
exmfdist/tex/latex/amsmath/amsbsy.sty
Package: amsbsy 1999/11/29 v1.2d Bold Symbols
\pmbraise@=\dimen152
)
(/nix/store/c98w3qqk6xxbxihbgxs1vpwi50kxcydr-texlive-combined-full-2025-final-t
exmfdist/tex/latex/amsmath/amsopn.sty
Package: amsopn 2022/04/08 v2.04 operator names
)
\inf@bad=\count286
LaTeX Info: Redefining \frac on input line 233.
\uproot@=\count287
\leftroot@=\count288
LaTeX Info: Redefining \overline on input line 398.
LaTeX Info: Redefining \colon on input line 409.
\classnum@=\count289
\DOTSCASE@=\count290
LaTeX Info: Redefining \ldots on input line 495.
LaTeX Info: Redefining \dots on input line 498.
LaTeX Info: Redefining \cdots on input line 619.
\Mathstrutbox@=\box53
\strutbox@=\box54
LaTeX Info: Redefining \big on input line 721.
LaTeX Info: Redefining \Big on input line 722.
LaTeX Info: Redefining \bigg on input line 723.
LaTeX Info: Redefining \Bigg on input line 724.
\big@size=\dimen153
LaTeX Font Info:    Redeclaring font encoding OML on input line 742.
LaTeX Font Info:    Redeclaring font encoding OMS on input line 743.
\macc@depth=\count291
LaTeX Info: Redefining \bmod on input line 904.
LaTeX Info: Redefining \pmod on input line 909.
LaTeX Info: Redefining \smash on input line 939.
LaTeX Info: Redefining \relbar on input line 969.
LaTeX Info: Redefining \Relbar on input line 970.
\c@MaxMatrixCols=\count292
\dotsspace@=\muskip17
\c@parentequation=\count293
\dspbrk@lvl=\count294
\tag@help=\toks20
\row@=\count295
\column@=\count296
\maxfields@=\count297
\andhelp@=\toks21
\eqnshift@=\dimen154
\alignsep@=\dimen155
\tagshift@=\dimen156
\tagwidth@=\dimen157
\totwidth@=\dimen158
\lineht@=\dimen159
\@envbody=\toks22
\multlinegap=\skip52
\multlinetaggap=\skip53
\mathdisplay@stack=\toks23
LaTeX Info: Redefining \[ on input line 2950.
LaTeX Info: Redefining \] on input line 2951.
)
(/nix/store/c98w3qqk6xxbxihbgxs1vpwi50kxcydr-texlive-combined-full-2025-final-t
exmfdist/tex/latex/amsfonts/amsfonts.sty
Package: amsfonts 2013/01/14 v3.01 Basic AMSFonts support
\symAMSa=\mathgroup6
\symAMSb=\mathgroup7
LaTeX Font Info:    Overwriting math alphabet `\mathfrak' in version `bold'
(Font)                  U/euf/m/n --> U/euf/b/n on input line 106.
)
(/nix/store/c98w3qqk6xxbxihbgxs1vpwi50kxcydr-texlive-combined-full-2025-final-t
exmfdist/tex/latex/amsfonts/amssymb.sty
Package: amssymb 2013/01/14 v3.01 AMS font symbols
)
(/nix/store/c98w3qqk6xxbxihbgxs1vpwi50kxcydr-texlive-combined-full-2025-final-t
exmfdist/tex/latex/geometry/geometry.sty
Package: geometry 2020/01/02 v5.9 Page Geometry

(/nix/store/c98w3qqk6xxbxihbgxs1vpwi50kxcydr-texlive-combined-full-2025-final-t
exmfdist/tex/latex/graphics/keyval.sty
Package: keyval 2022/05/29 v1.15 key=value parser (DPC)
\KV@toks@=\toks24
)
(/nix/store/c98w3qqk6xxbxihbgxs1vpwi50kxcydr-texlive-combined-full-2025-final-t
exmfdist/tex/generic/iftex/ifvtex.sty
Package: ifvtex 2019/10/25 v1.7 ifvtex legacy package. Use iftex instead.
)
\Gm@cnth=\count298
\Gm@cntv=\count299
\c@Gm@tempcnt=\count300
\Gm@bindingoffset=\dimen160
\Gm@wd@mp=\dimen161
\Gm@odd@mp=\dimen162
\Gm@even@mp=\dimen163
\Gm@layoutwidth=\dimen164
\Gm@layoutheight=\dimen165
\Gm@layouthoffset=\dimen166
\Gm@layoutvoffset=\dimen167
\Gm@dimlist=\toks25
)
(/nix/store/c98w3qqk6xxbxihbgxs1vpwi50kxcydr-texlive-combined-full-2025-final-t
exmfdist/tex/latex/graphics/graphicx.sty
Package: graphicx 2024/12/31 v1.2e Enhanced LaTeX Graphics (DPC,SPQR)

(/nix/store/c98w3qqk6xxbxihbgxs1vpwi50kxcydr-texlive-combined-full-2025-final-t
exmfdist/tex/latex/graphics/graphics.sty
Package: graphics 2024/08/06 v1.4g Standard LaTeX Graphics (DPC,SPQR)

(/nix/store/c98w3qqk6xxbxihbgxs1vpwi50kxcydr-texlive-combined-full-2025-final-t
exmfdist/tex/latex/graphics/trig.sty
Package: trig 2023/12/02 v1.11 sin cos tan (DPC)
)
(/nix/store/c98w3qqk6xxbxihbgxs1vpwi50kxcydr-texlive-combined-full-2025-final-t
exmfdist/tex/latex/graphics-cfg/graphics.cfg
File: graphics.cfg 2016/06/04 v1.11 sample graphics configuration
)
Package graphics Info: Driver file: pdftex.def on input line 106.

(/nix/store/c98w3qqk6xxbxihbgxs1vpwi50kxcydr-texlive-combined-full-2025-final-t
exmfdist/tex/latex/graphics-def/pdftex.def
File: pdftex.def 2025/09/29 v1.2d Graphics/color driver for pdftex
))
\Gin@req@height=\dimen168
\Gin@req@width=\dimen169
)
(/nix/store/c98w3qqk6xxbxihbgxs1vpwi50kxcydr-texlive-combined-full-2025-final-t
exmfdist/tex/latex/svg/svg.sty
Package: svg 2020/11/26 v2.02k (include SVG pictures)

(/nix/store/c98w3qqk6xxbxihbgxs1vpwi50kxcydr-texlive-combined-full-2025-final-t
exmfdist/tex/latex/koma-script/scrbase.sty
Package: scrbase 2026/02/02 v3.49.2 KOMA-Script package (KOMA-Script-independen
t basics and keyval usage)

(/nix/store/c98w3qqk6xxbxihbgxs1vpwi50kxcydr-texlive-combined-full-2025-final-t
exmfdist/tex/latex/koma-script/scrlfile.sty
Package: scrlfile 2026/02/02 v3.49.2 KOMA-Script package (file load hooks)

(/nix/store/c98w3qqk6xxbxihbgxs1vpwi50kxcydr-texlive-combined-full-2025-final-t
exmfdist/tex/latex/koma-script/scrlfile-hook.sty
Package: scrlfile-hook 2026/02/02 v3.49.2 KOMA-Script package (using LaTeX hook
s)

(/nix/store/c98w3qqk6xxbxihbgxs1vpwi50kxcydr-texlive-combined-full-2025-final-t
exmfdist/tex/latex/koma-script/scrlogo.sty
Package: scrlogo 2026/02/02 v3.49.2 KOMA-Script package (logo)
)))
Applying: [2021/05/01] Usage of raw or classic option list on input line 254.
Already applied: [0000/00/00] Usage of raw or classic option list on input line
 370.
)
(/nix/store/c98w3qqk6xxbxihbgxs1vpwi50kxcydr-texlive-combined-full-2025-final-t
exmfdist/tex/generic/pdftexcmds/pdftexcmds.sty
Package: pdftexcmds 2020-06-27 v0.33 Utility functions of pdfTeX for LuaTeX (HO
)

(/nix/store/c98w3qqk6xxbxihbgxs1vpwi50kxcydr-texlive-combined-full-2025-final-t
exmfdist/tex/generic/infwarerr/infwarerr.sty
Package: infwarerr 2019/12/03 v1.5 Providing info/warning/error messages (HO)
)
(/nix/store/c98w3qqk6xxbxihbgxs1vpwi50kxcydr-texlive-combined-full-2025-final-t
exmfdist/tex/generic/ltxcmds/ltxcmds.sty
Package: ltxcmds 2023-12-04 v1.26 LaTeX kernel commands for general use (HO)
)
Package pdftexcmds Info: \pdf@primitive is available.
Package pdftexcmds Info: \pdf@ifprimitive is available.
Package pdftexcmds Info: \pdfdraftmode found.
)
(/nix/store/c98w3qqk6xxbxihbgxs1vpwi50kxcydr-texlive-combined-full-2025-final-t
exmfdist/tex/latex/trimspaces/trimspaces.sty
Package: trimspaces 2009/09/17 v1.1 Trim spaces around a token list
)
(/nix/store/c98w3qqk6xxbxihbgxs1vpwi50kxcydr-texlive-combined-full-2025-final-t
exmfdist/tex/latex/tools/shellesc.sty
Package: shellesc 2023/07/08 v1.0d unified shell escape interface for LaTeX
Package shellesc Info: Unrestricted shell escape enabled on input line 75.
)
(/nix/store/c98w3qqk6xxbxihbgxs1vpwi50kxcydr-texlive-combined-full-2025-final-t
exmfdist/tex/latex/ifplatform/ifplatform.sty
Package: ifplatform 2017/10/13 v0.4a Testing for the operating system

(/nix/store/c98w3qqk6xxbxihbgxs1vpwi50kxcydr-texlive-combined-full-2025-final-t
exmfdist/tex/generic/catchfile/catchfile.sty
Package: catchfile 2019/12/09 v1.8 Catch the contents of a file (HO)

(/nix/store/c98w3qqk6xxbxihbgxs1vpwi50kxcydr-texlive-combined-full-2025-final-t
exmfdist/tex/generic/etexcmds/etexcmds.sty
Package: etexcmds 2019/12/15 v1.7 Avoid name clashes with e-TeX commands (HO)
))
(/nix/store/c98w3qqk6xxbxihbgxs1vpwi50kxcydr-texlive-combined-full-2025-final-t
exmfdist/tex/generic/iftex/ifluatex.sty
Package: ifluatex 2019/10/25 v1.5 ifluatex legacy package. Use iftex instead.
)
runsystem(uname -s > "main-v8.w18")...executed.

 (./main-v8.w18)
runsystem(rm -- "main-v8.w18")...executed.

)
\c@svg@param@lastpage=\count301
\svg@box=\box55
\c@svg@param@currpage=\count302
)
(/nix/store/c98w3qqk6xxbxihbgxs1vpwi50kxcydr-texlive-combined-full-2025-final-t
exmfdist/tex/latex/xcolor/xcolor.sty
Package: xcolor 2024/09/29 v3.02 LaTeX color extensions (UK)

(/nix/store/c98w3qqk6xxbxihbgxs1vpwi50kxcydr-texlive-combined-full-2025-final-t
exmfdist/tex/latex/graphics-cfg/color.cfg
File: color.cfg 2016/01/02 v1.6 sample color configuration
)
Package xcolor Info: Driver file: pdftex.def on input line 274.

(/nix/store/c98w3qqk6xxbxihbgxs1vpwi50kxcydr-texlive-combined-full-2025-final-t
exmfdist/tex/latex/graphics/mathcolor.ltx)
Package xcolor Info: Model `cmy' substituted by `cmy0' on input line 1349.
Package xcolor Info: Model `hsb' substituted by `rgb' on input line 1353.
Package xcolor Info: Model `RGB' extended on input line 1365.
Package xcolor Info: Model `HTML' substituted by `rgb' on input line 1367.
Package xcolor Info: Model `Hsb' substituted by `hsb' on input line 1368.
Package xcolor Info: Model `tHsb' substituted by `hsb' on input line 1369.
Package xcolor Info: Model `HSB' substituted by `hsb' on input line 1370.
Package xcolor Info: Model `Gray' substituted by `gray' on input line 1371.
Package xcolor Info: Model `wave' substituted by `hsb' on input line 1372.
)
(/nix/store/c98w3qqk6xxbxihbgxs1vpwi50kxcydr-texlive-combined-full-2025-final-t
exmfdist/tex/latex/transparent/transparent.sty
Package: transparent 2025-06-23 v1.6 Transparency with color stacks

(/nix/store/c98w3qqk6xxbxihbgxs1vpwi50kxcydr-texlive-combined-full-2025-final-t
exmfdist/tex/latex/transparent/transparent-nometadata.sty
Package: transparent-nometadata 2025-06-23 v1.6 Transparency via pdfTeX's color
 stack (HO)

(/nix/store/c98w3qqk6xxbxihbgxs1vpwi50kxcydr-texlive-combined-full-2025-final-t
exmfdist/tex/latex/auxhook/auxhook.sty
Package: auxhook 2019-12-17 v1.6 Hooks for auxiliary files (HO)
)))
(/nix/store/c98w3qqk6xxbxihbgxs1vpwi50kxcydr-texlive-combined-full-2025-final-t
exmfdist/tex/latex/pgf/systemlayer/pgfsys.sty
(/nix/store/c98w3qqk6xxbxihbgxs1vpwi50kxcydr-texlive-combined-full-2025-final-t
exmfdist/tex/latex/pgf/utilities/pgfrcs.sty
(/nix/store/c98w3qqk6xxbxihbgxs1vpwi50kxcydr-texlive-combined-full-2025-final-t
exmfdist/tex/generic/pgf/utilities/pgfutil-common.tex
\pgfutil@everybye=\toks26
\pgfutil@tempdima=\dimen170
\pgfutil@tempdimb=\dimen171
)
(/nix/store/c98w3qqk6xxbxihbgxs1vpwi50kxcydr-texlive-combined-full-2025-final-t
exmfdist/tex/generic/pgf/utilities/pgfutil-latex.def
\pgfutil@abb=\box56
)
(/nix/store/c98w3qqk6xxbxihbgxs1vpwi50kxcydr-texlive-combined-full-2025-final-t
exmfdist/tex/generic/pgf/utilities/pgfrcs.code.tex
(/nix/store/c98w3qqk6xxbxihbgxs1vpwi50kxcydr-texlive-combined-full-2025-final-t
exmfdist/tex/generic/pgf/pgf.revision.tex)
Package: pgfrcs 2025-08-29 v3.1.11a (3.1.11a)
))
(/nix/store/c98w3qqk6xxbxihbgxs1vpwi50kxcydr-texlive-combined-full-2025-final-t
exmfdist/tex/generic/pgf/systemlayer/pgfsys.code.tex
Package: pgfsys 2025-08-29 v3.1.11a (3.1.11a)

(/nix/store/c98w3qqk6xxbxihbgxs1vpwi50kxcydr-texlive-combined-full-2025-final-t
exmfdist/tex/generic/pgf/utilities/pgfkeys.code.tex
\pgfkeys@pathtoks=\toks27
\pgfkeys@temptoks=\toks28

(/nix/store/c98w3qqk6xxbxihbgxs1vpwi50kxcydr-texlive-combined-full-2025-final-t
exmfdist/tex/generic/pgf/utilities/pgfkeyslibraryfiltered.code.tex
\pgfkeys@tmptoks=\toks29
))
\pgf@x=\dimen172
\pgf@y=\dimen173
\pgf@xa=\dimen174
\pgf@ya=\dimen175
\pgf@xb=\dimen176
\pgf@yb=\dimen177
\pgf@xc=\dimen178
\pgf@yc=\dimen179
\pgf@xd=\dimen180
\pgf@yd=\dimen181
\w@pgf@writea=\write3
\r@pgf@reada=\read3
\c@pgf@counta=\count303
\c@pgf@countb=\count304
\c@pgf@countc=\count305
\c@pgf@countd=\count306
\t@pgf@toka=\toks30
\t@pgf@tokb=\toks31
\t@pgf@tokc=\toks32
\pgf@sys@id@count=\count307

(/nix/store/c98w3qqk6xxbxihbgxs1vpwi50kxcydr-texlive-combined-full-2025-final-t
exmfdist/tex/generic/pgf/systemlayer/pgf.cfg
File: pgf.cfg 2025-08-29 v3.1.11a (3.1.11a)
)
Driver file for pgf: pgfsys-pdftex.def

(/nix/store/c98w3qqk6xxbxihbgxs1vpwi50kxcydr-texlive-combined-full-2025-final-t
exmfdist/tex/generic/pgf/systemlayer/pgfsys-pdftex.def
File: pgfsys-pdftex.def 2025-08-29 v3.1.11a (3.1.11a)

(/nix/store/c98w3qqk6xxbxihbgxs1vpwi50kxcydr-texlive-combined-full-2025-final-t
exmfdist/tex/generic/pgf/systemlayer/pgfsys-common-pdf.def
File: pgfsys-common-pdf.def 2025-08-29 v3.1.11a (3.1.11a)
)))
(/nix/store/c98w3qqk6xxbxihbgxs1vpwi50kxcydr-texlive-combined-full-2025-final-t
exmfdist/tex/generic/pgf/systemlayer/pgfsyssoftpath.code.tex
File: pgfsyssoftpath.code.tex 2025-08-29 v3.1.11a (3.1.11a)
\pgfsyssoftpath@smallbuffer@items=\count308
\pgfsyssoftpath@bigbuffer@items=\count309
)
(/nix/store/c98w3qqk6xxbxihbgxs1vpwi50kxcydr-texlive-combined-full-2025-final-t
exmfdist/tex/generic/pgf/systemlayer/pgfsysprotocol.code.tex
File: pgfsysprotocol.code.tex 2025-08-29 v3.1.11a (3.1.11a)
))
(/nix/store/c98w3qqk6xxbxihbgxs1vpwi50kxcydr-texlive-combined-full-2025-final-t
exmfdist/tex/latex/caption/caption.sty
Package: caption 2023/08/05 v3.6o Customizing captions (AR)

(/nix/store/c98w3qqk6xxbxihbgxs1vpwi50kxcydr-texlive-combined-full-2025-final-t
exmfdist/tex/latex/caption/caption3.sty
Package: caption3 2023/07/31 v2.4d caption3 kernel (AR)
\caption@tempdima=\dimen182
\captionmargin=\dimen183
\caption@leftmargin=\dimen184
\caption@rightmargin=\dimen185
\caption@width=\dimen186
\caption@indent=\dimen187
\caption@parindent=\dimen188
\caption@hangindent=\dimen189
Package caption Info: Standard document class detected.
)
\c@caption@flags=\count310
\c@continuedfloat=\count311
)
(/nix/store/c98w3qqk6xxbxihbgxs1vpwi50kxcydr-texlive-combined-full-2025-final-t
exmfdist/tex/latex/booktabs/booktabs.sty
Package: booktabs 2020/01/12 v1.61803398 Publication quality tables
\heavyrulewidth=\dimen190
\lightrulewidth=\dimen191
\cmidrulewidth=\dimen192
\belowrulesep=\dimen193
\belowbottomsep=\dimen194
\aboverulesep=\dimen195
\abovetopsep=\dimen196
\cmidrulesep=\dimen197
\cmidrulekern=\dimen198
\defaultaddspace=\dimen199
\@cmidla=\count312
\@cmidlb=\count313
\@aboverulesep=\dimen256
\@belowrulesep=\dimen257
\@thisruleclass=\count314
\@lastruleclass=\count315
\@thisrulewidth=\dimen258
)
(/nix/store/c98w3qqk6xxbxihbgxs1vpwi50kxcydr-texlive-combined-full-2025-final-t
exmfdist/tex/latex/tools/array.sty
Package: array 2025/09/25 v2.6n Tabular extension package (FMi)
\col@sep=\dimen259
\ar@mcellbox=\box57
\extrarowheight=\dimen260
\NC@list=\toks33
\extratabsurround=\skip54
\backup@length=\skip55
\ar@cellbox=\box58
)
(/nix/store/c98w3qqk6xxbxihbgxs1vpwi50kxcydr-texlive-combined-full-2025-final-t
exmfdist/tex/latex/tools/longtable.sty
Package: longtable 2025-10-13 v4.24 Multi-page Table package (DPC)
\LTleft=\skip56
\LTright=\skip57
\LTpre=\skip58
\LTpost=\skip59
\LTchunksize=\count316
\LTcapwidth=\dimen261
\LT@head=\box59
\LT@firsthead=\box60
\LT@foot=\box61
\LT@lastfoot=\box62
\LT@gbox=\box63
\LT@cols=\count317
\LT@rows=\count318
\c@LT@tables=\count319
\c@LT@chunks=\count320
\LT@p@ftn=\toks34
)
(/nix/store/c98w3qqk6xxbxihbgxs1vpwi50kxcydr-texlive-combined-full-2025-final-t
exmfdist/tex/latex/multirow/multirow.sty
Package: multirow 2024/11/12 v2.9 Span multiple rows of a table
\multirow@colwidth=\skip60
\multirow@cntb=\count321
\multirow@dima=\skip61
\bigstrutjot=\dimen262
)
(/nix/store/c98w3qqk6xxbxihbgxs1vpwi50kxcydr-texlive-combined-full-2025-final-t
exmfdist/tex/latex/makecell/makecell.sty
Package: makecell 2009/08/03 V0.1e Managing of Tab Column Heads and Cells
\rotheadsize=\dimen263
\c@nlinenum=\count322
\TeXr@lab=\toks35
)
(/nix/store/c98w3qqk6xxbxihbgxs1vpwi50kxcydr-texlive-combined-full-2025-final-t
exmfdist/tex/latex/tools/tabularx.sty
Package: tabularx 2023/12/11 v2.12a `tabularx' package (DPC)
\TX@col@width=\dimen264
\TX@old@table=\dimen265
\TX@old@col=\dimen266
\TX@target=\dimen267
\TX@delta=\dimen268
\TX@cols=\count323
\TX@ftn=\toks36
)
(/nix/store/c98w3qqk6xxbxihbgxs1vpwi50kxcydr-texlive-combined-full-2025-final-t
exmfdist/tex/latex/float/float.sty
Package: float 2001/11/08 v1.3d Float enhancements (AL)
\c@float@type=\count324
\float@exts=\toks37
\float@box=\box64
\@float@everytoks=\toks38
\@floatcapt=\box65
)
(/nix/store/c98w3qqk6xxbxihbgxs1vpwi50kxcydr-texlive-combined-full-2025-final-t
exmfdist/tex/latex/titlesec/titlesec.sty
Package: titlesec 2025/01/04 v2.17 Sectioning titles
\ttl@box=\box66
\beforetitleunit=\skip62
\aftertitleunit=\skip63
\ttl@plus=\dimen269
\ttl@minus=\dimen270
\ttl@toksa=\toks39
\titlewidth=\dimen271
\titlewidthlast=\dimen272
\titlewidthfirst=\dimen273
)
(/nix/store/c98w3qqk6xxbxihbgxs1vpwi50kxcydr-texlive-combined-full-2025-final-t
exmfdist/tex/latex/tocloft/tocloft.sty
Package: tocloft 2017/08/31 v2.3i parameterised ToC, etc., typesetting
Package tocloft Info: The document has chapter divisions on input line 51.
\cftparskip=\skip64
\cftbeforetoctitleskip=\skip65
\cftaftertoctitleskip=\skip66
\cftbeforepartskip=\skip67
\cftpartnumwidth=\skip68
\cftpartindent=\skip69
\cftbeforechapskip=\skip70
\cftchapindent=\skip71
\cftchapnumwidth=\skip72
\cftbeforesecskip=\skip73
\cftsecindent=\skip74
\cftsecnumwidth=\skip75
\cftbeforesubsecskip=\skip76
\cftsubsecindent=\skip77
\cftsubsecnumwidth=\skip78
\cftbeforesubsubsecskip=\skip79
\cftsubsubsecindent=\skip80
\cftsubsubsecnumwidth=\skip81
\cftbeforeparaskip=\skip82
\cftparaindent=\skip83
\cftparanumwidth=\skip84
\cftbeforesubparaskip=\skip85
\cftsubparaindent=\skip86
\cftsubparanumwidth=\skip87
\cftbeforeloftitleskip=\skip88
\cftafterloftitleskip=\skip89
\cftbeforefigskip=\skip90
\cftfigindent=\skip91
\cftfignumwidth=\skip92
\c@lofdepth=\count325
\c@lotdepth=\count326
\cftbeforelottitleskip=\skip93
\cftafterlottitleskip=\skip94
\cftbeforetabskip=\skip95
\cfttabindent=\skip96
\cfttabnumwidth=\skip97
)
(/nix/store/c98w3qqk6xxbxihbgxs1vpwi50kxcydr-texlive-combined-full-2025-final-t
exmfdist/tex/latex/hyperref/hyperref.sty
Package: hyperref 2026-01-29 v7.01p Hypertext links for LaTeX

(/nix/store/c98w3qqk6xxbxihbgxs1vpwi50kxcydr-texlive-combined-full-2025-final-t
exmfdist/tex/latex/kvsetkeys/kvsetkeys.sty
Package: kvsetkeys 2022-10-05 v1.19 Key value parser (HO)
)
(/nix/store/c98w3qqk6xxbxihbgxs1vpwi50kxcydr-texlive-combined-full-2025-final-t
exmfdist/tex/generic/kvdefinekeys/kvdefinekeys.sty
Package: kvdefinekeys 2019-12-19 v1.6 Define keys (HO)
)
(/nix/store/c98w3qqk6xxbxihbgxs1vpwi50kxcydr-texlive-combined-full-2025-final-t
exmfdist/tex/generic/pdfescape/pdfescape.sty
Package: pdfescape 2019/12/09 v1.15 Implements pdfTeX's escape features (HO)
)
(/nix/store/c98w3qqk6xxbxihbgxs1vpwi50kxcydr-texlive-combined-full-2025-final-t
exmfdist/tex/latex/hycolor/hycolor.sty
Package: hycolor 2020-01-27 v1.10 Color options for hyperref/bookmark (HO)
)
(/nix/store/c98w3qqk6xxbxihbgxs1vpwi50kxcydr-texlive-combined-full-2025-final-t
exmfdist/tex/latex/hyperref/nameref.sty
Package: nameref 2026-01-29 v2.58 Cross-referencing by name of section

(/nix/store/c98w3qqk6xxbxihbgxs1vpwi50kxcydr-texlive-combined-full-2025-final-t
exmfdist/tex/latex/refcount/refcount.sty
Package: refcount 2019/12/15 v3.6 Data extraction from label references (HO)
)
(/nix/store/c98w3qqk6xxbxihbgxs1vpwi50kxcydr-texlive-combined-full-2025-final-t
exmfdist/tex/generic/gettitlestring/gettitlestring.sty
Package: gettitlestring 2019/12/15 v1.6 Cleanup title references (HO)

(/nix/store/c98w3qqk6xxbxihbgxs1vpwi50kxcydr-texlive-combined-full-2025-final-t
exmfdist/tex/latex/kvoptions/kvoptions.sty
Package: kvoptions 2022-06-15 v3.15 Key value format for package options (HO)
))
\c@section@level=\count327
)
(/nix/store/c98w3qqk6xxbxihbgxs1vpwi50kxcydr-texlive-combined-full-2025-final-t
exmfdist/tex/latex/etoolbox/etoolbox.sty
Package: etoolbox 2025/10/02 v2.5m e-TeX tools for LaTeX (JAW)
\etb@tempcnta=\count328
)
(/nix/store/c98w3qqk6xxbxihbgxs1vpwi50kxcydr-texlive-combined-full-2025-final-t
exmfdist/tex/generic/stringenc/stringenc.sty
Package: stringenc 2019/11/29 v1.12 Convert strings between diff. encodings (HO
)
)
\@linkdim=\dimen274
\Hy@linkcounter=\count329
\Hy@pagecounter=\count330

(/nix/store/c98w3qqk6xxbxihbgxs1vpwi50kxcydr-texlive-combined-full-2025-final-t
exmfdist/tex/latex/hyperref/pd1enc.def
File: pd1enc.def 2026-01-29 v7.01p Hyperref: PDFDocEncoding definition (HO)
Now handling font encoding PD1 ...
... no UTF-8 mapping file for font encoding PD1
)
(/nix/store/c98w3qqk6xxbxihbgxs1vpwi50kxcydr-texlive-combined-full-2025-final-t
exmfdist/tex/generic/intcalc/intcalc.sty
Package: intcalc 2019/12/15 v1.3 Expandable calculations with integers (HO)
)
\Hy@SavedSpaceFactor=\count331

(/nix/store/c98w3qqk6xxbxihbgxs1vpwi50kxcydr-texlive-combined-full-2025-final-t
exmfdist/tex/latex/hyperref/puenc.def
File: puenc.def 2026-01-29 v7.01p Hyperref: PDF Unicode definition (HO)
Now handling font encoding PU ...
... no UTF-8 mapping file for font encoding PU
)
Package hyperref Info: Hyper figures OFF on input line 4201.
Package hyperref Info: Link nesting OFF on input line 4206.
Package hyperref Info: Hyper index ON on input line 4209.
Package hyperref Info: Plain pages OFF on input line 4216.
Package hyperref Info: Backreferencing OFF on input line 4221.
Package hyperref Info: Implicit mode ON; LaTeX internals redefined.
Package hyperref Info: Bookmarks ON on input line 4468.
\c@Hy@tempcnt=\count332

(/nix/store/c98w3qqk6xxbxihbgxs1vpwi50kxcydr-texlive-combined-full-2025-final-t
exmfdist/tex/latex/url/url.sty
\Urlmuskip=\muskip18
Package: url 2013/09/16  ver 3.4  Verb mode for urls, etc.
)
LaTeX Info: Redefining \url on input line 4807.
\XeTeXLinkMargin=\dimen275

(/nix/store/c98w3qqk6xxbxihbgxs1vpwi50kxcydr-texlive-combined-full-2025-final-t
exmfdist/tex/generic/bitset/bitset.sty
Package: bitset 2019/12/09 v1.3 Handle bit-vector datatype (HO)

(/nix/store/c98w3qqk6xxbxihbgxs1vpwi50kxcydr-texlive-combined-full-2025-final-t
exmfdist/tex/generic/bigintcalc/bigintcalc.sty
Package: bigintcalc 2019/12/15 v1.5 Expandable calculations on big integers (HO
)
))
\Fld@menulength=\count333
\Field@Width=\dimen276
\Fld@charsize=\dimen277
Package hyperref Info: Hyper figures OFF on input line 6084.
Package hyperref Info: Link nesting OFF on input line 6089.
Package hyperref Info: Hyper index ON on input line 6092.
Package hyperref Info: backreferencing OFF on input line 6099.
Package hyperref Info: Link coloring OFF on input line 6104.
Package hyperref Info: Link coloring with OCG OFF on input line 6109.
Package hyperref Info: PDF/A mode OFF on input line 6114.
\Hy@abspage=\count334
\c@Item=\count335
\c@Hfootnote=\count336
)
Package hyperref Info: Driver (autodetected): hpdftex.

(/nix/store/c98w3qqk6xxbxihbgxs1vpwi50kxcydr-texlive-combined-full-2025-final-t
exmfdist/tex/latex/hyperref/hpdftex.def
File: hpdftex.def 2026-01-29 v7.01p Hyperref driver for pdfTeX
\Fld@listcount=\count337
\c@bookmark@seq@number=\count338

(/nix/store/c98w3qqk6xxbxihbgxs1vpwi50kxcydr-texlive-combined-full-2025-final-t
exmfdist/tex/latex/rerunfilecheck/rerunfilecheck.sty
Package: rerunfilecheck 2025-06-21 v1.11 Rerun checks for auxiliary files (HO)

(/nix/store/c98w3qqk6xxbxihbgxs1vpwi50kxcydr-texlive-combined-full-2025-final-t
exmfdist/tex/generic/uniquecounter/uniquecounter.sty
Package: uniquecounter 2019/12/15 v1.4 Provide unlimited unique counter (HO)
)
Package uniquecounter Info: New unique counter `rerunfilecheck' on input line 2
84.
)
\Hy@SectionHShift=\skip98
)
(/nix/store/c98w3qqk6xxbxihbgxs1vpwi50kxcydr-texlive-combined-full-2025-final-t
exmfdist/tex/latex/xurl/xurl.sty
Package: xurl 2022/01/09 v 0.10 modify URL breaks
)
(/nix/store/c98w3qqk6xxbxihbgxs1vpwi50kxcydr-texlive-combined-full-2025-final-t
exmfdist/tex/latex/seqsplit/seqsplit.sty
Package: seqsplit 2006/08/07 v0.1 Splitting long sequences (DNA, RNA, proteins,
 etc.) 
)
(/nix/store/c98w3qqk6xxbxihbgxs1vpwi50kxcydr-texlive-combined-full-2025-final-t
exmfdist/tex/latex/ragged2e/ragged2e.sty
Package: ragged2e 2023/06/22 v3.6 ragged2e Package
\CenteringLeftskip=\skip99
\RaggedLeftLeftskip=\skip100
\RaggedRightLeftskip=\skip101
\CenteringRightskip=\skip102
\RaggedLeftRightskip=\skip103
\RaggedRightRightskip=\skip104
\CenteringParfillskip=\skip105
\RaggedLeftParfillskip=\skip106
\RaggedRightParfillskip=\skip107
\JustifyingParfillskip=\skip108
\CenteringParindent=\skip109
\RaggedLeftParindent=\skip110
\RaggedRightParindent=\skip111
\JustifyingParindent=\skip112
)
(/nix/store/c98w3qqk6xxbxihbgxs1vpwi50kxcydr-texlive-combined-full-2025-final-t
exmfdist/tex/latex/listings/listings.sty
\lst@mode=\count339
\lst@gtempboxa=\box67
\lst@token=\toks40
\lst@length=\count340
\lst@currlwidth=\dimen278
\lst@column=\count341
\lst@pos=\count342
\lst@lostspace=\dimen279
\lst@width=\dimen280
\lst@newlines=\count343
\lst@lineno=\count344
\lst@maxwidth=\dimen281

(/nix/store/c98w3qqk6xxbxihbgxs1vpwi50kxcydr-texlive-combined-full-2025-final-t
exmfdist/tex/latex/listings/lstpatch.sty
File: lstpatch.sty 2025/11/14 1.11b (Carsten Heinz)
)
(/nix/store/c98w3qqk6xxbxihbgxs1vpwi50kxcydr-texlive-combined-full-2025-final-t
exmfdist/tex/latex/listings/lstmisc.sty
File: lstmisc.sty 2025/11/14 1.11b (Carsten Heinz)
\c@lstnumber=\count345
\lst@skipnumbers=\count346
\lst@framebox=\box68
)
(/nix/store/c98w3qqk6xxbxihbgxs1vpwi50kxcydr-texlive-combined-full-2025-final-t
exmfdist/tex/latex/listings/listings.cfg
File: listings.cfg 2025/11/14 1.11b listings configuration
))
Package: listings 2025/11/14 1.11b (Carsten Heinz)

==> First Aid for listings.sty no longer applied!
    Expected:
        2024/09/23 1.10c (Carsten Heinz)
    but found:
        2025/11/14 1.11b (Carsten Heinz)
    so I'm assuming it got fixed.

(/nix/store/c98w3qqk6xxbxihbgxs1vpwi50kxcydr-texlive-combined-full-2025-final-t
exmfdist/tex/latex/pdflscape/pdflscape.sty
Package: pdflscape 2025-06-23 v0.14 Display of landscape pages in PDF

(/nix/store/c98w3qqk6xxbxihbgxs1vpwi50kxcydr-texlive-combined-full-2025-final-t
exmfdist/tex/latex/pdflscape/pdflscape-nometadata.sty
Package: pdflscape-nometadata 2025-06-23 v0.14 Display of landscape pages in PD
F (HO)

(/nix/store/c98w3qqk6xxbxihbgxs1vpwi50kxcydr-texlive-combined-full-2025-final-t
exmfdist/tex/latex/graphics/lscape.sty
Package: lscape 2020/05/28 v3.02 Landscape Pages (DPC)
)
Package pdflscape Info: Auto-detected driver: pdftex on input line 81.
))
(/nix/store/c98w3qqk6xxbxihbgxs1vpwi50kxcydr-texlive-combined-full-2025-final-t
exmfdist/tex/latex/chngcntr/chngcntr.sty
Package: chngcntr 2018/04/09 v1.1a change counter resetting
Package chngcntr Info: \counterwithout already defined.
(chngcntr)             Quitting chngcntr on input line 21.
)
(/nix/store/c98w3qqk6xxbxihbgxs1vpwi50kxcydr-texlive-combined-full-2025-final-t
exmfdist/tex/latex/adjustbox/adjustbox.sty
Package: adjustbox 2025/02/26 v1.3c Adjusting TeX boxes (trim, clip, ...)

(/nix/store/c98w3qqk6xxbxihbgxs1vpwi50kxcydr-texlive-combined-full-2025-final-t
exmfdist/tex/latex/xkeyval/xkeyval.sty
Package: xkeyval 2025/11/04 v2.10 package option processing (HA)

(/nix/store/c98w3qqk6xxbxihbgxs1vpwi50kxcydr-texlive-combined-full-2025-final-t
exmfdist/tex/generic/xkeyval/xkeyval.tex
(/nix/store/c98w3qqk6xxbxihbgxs1vpwi50kxcydr-texlive-combined-full-2025-final-t
exmfdist/tex/generic/xkeyval/xkvutils.tex
\XKV@toks=\toks41
\XKV@tempa@toks=\toks42
\XKV@tempb@toks=\toks43
)
\XKV@depth=\count347
File: xkeyval.tex 2014/12/03 v2.7a key=value parser (HA)
))
(/nix/store/c98w3qqk6xxbxihbgxs1vpwi50kxcydr-texlive-combined-full-2025-final-t
exmfdist/tex/latex/adjustbox/adjcalc.sty
Package: adjcalc 2012/05/16 v1.1 Provides advanced setlength with multiple back
-ends (calc, etex, pgfmath)
)
(/nix/store/c98w3qqk6xxbxihbgxs1vpwi50kxcydr-texlive-combined-full-2025-final-t
exmfdist/tex/latex/adjustbox/trimclip.sty
Package: trimclip 2025/02/21 v1.2a Trim and clip general TeX material

(/nix/store/c98w3qqk6xxbxihbgxs1vpwi50kxcydr-texlive-combined-full-2025-final-t
exmfdist/tex/latex/collectbox/collectbox.sty
Package: collectbox 2022/10/17 v0.4c Collect macro arguments as boxes
\collectedbox=\box69
)
\tc@llx=\dimen282
\tc@lly=\dimen283
\tc@urx=\dimen284
\tc@ury=\dimen285
Package trimclip Info: Using driver 'tc-pdftex.def'.

(/nix/store/c98w3qqk6xxbxihbgxs1vpwi50kxcydr-texlive-combined-full-2025-final-t
exmfdist/tex/latex/adjustbox/tc-pdftex.def
File: tc-pdftex.def 2025/02/26 v2.3 Clipping driver for pdftex
))
\adjbox@Width=\dimen286
\adjbox@Height=\dimen287
\adjbox@Depth=\dimen288
\adjbox@Totalheight=\dimen289
\adjbox@pwidth=\dimen290
\adjbox@pheight=\dimen291
\adjbox@pdepth=\dimen292
\adjbox@ptotalheight=\dimen293

(/nix/store/c98w3qqk6xxbxihbgxs1vpwi50kxcydr-texlive-combined-full-2025-final-t
exmfdist/tex/latex/ifoddpage/ifoddpage.sty
Package: ifoddpage 2022/10/18 v1.2 Conditionals for odd/even page detection
\c@checkoddpage=\count348
)
(/nix/store/c98w3qqk6xxbxihbgxs1vpwi50kxcydr-texlive-combined-full-2025-final-t
exmfdist/tex/latex/varwidth/varwidth.sty
Package: varwidth 2009/03/30 ver 0.92;  Variable-width minipages
\@vwid@box=\box70
\sift@deathcycles=\count349
\@vwid@loff=\dimen294
\@vwid@roff=\dimen295
)
==> First Aid for varwidth.sty applied!
)
(/nix/store/c98w3qqk6xxbxihbgxs1vpwi50kxcydr-texlive-combined-full-2025-final-t
exmfdist/tex/latex/tcolorbox/tcolorbox.sty
Package: tcolorbox 2025/11/28 version 6.9.0 text color boxes

(/nix/store/c98w3qqk6xxbxihbgxs1vpwi50kxcydr-texlive-combined-full-2025-final-t
exmfdist/tex/latex/pgf/frontendlayer/tikz.sty
(/nix/store/c98w3qqk6xxbxihbgxs1vpwi50kxcydr-texlive-combined-full-2025-final-t
exmfdist/tex/latex/pgf/basiclayer/pgf.sty
Package: pgf 2025-08-29 v3.1.11a (3.1.11a)

(/nix/store/c98w3qqk6xxbxihbgxs1vpwi50kxcydr-texlive-combined-full-2025-final-t
exmfdist/tex/latex/pgf/basiclayer/pgfcore.sty
(/nix/store/c98w3qqk6xxbxihbgxs1vpwi50kxcydr-texlive-combined-full-2025-final-t
exmfdist/tex/generic/pgf/basiclayer/pgfcore.code.tex
Package: pgfcore 2025-08-29 v3.1.11a (3.1.11a)

(/nix/store/c98w3qqk6xxbxihbgxs1vpwi50kxcydr-texlive-combined-full-2025-final-t
exmfdist/tex/generic/pgf/math/pgfmath.code.tex
(/nix/store/c98w3qqk6xxbxihbgxs1vpwi50kxcydr-texlive-combined-full-2025-final-t
exmfdist/tex/generic/pgf/math/pgfmathutil.code.tex)
(/nix/store/c98w3qqk6xxbxihbgxs1vpwi50kxcydr-texlive-combined-full-2025-final-t
exmfdist/tex/generic/pgf/math/pgfmathparser.code.tex
\pgfmath@dimen=\dimen296
\pgfmath@count=\count350
\pgfmath@box=\box71
\pgfmath@toks=\toks44
\pgfmath@stack@operand=\toks45
\pgfmath@stack@operation=\toks46
)
(/nix/store/c98w3qqk6xxbxihbgxs1vpwi50kxcydr-texlive-combined-full-2025-final-t
exmfdist/tex/generic/pgf/math/pgfmathfunctions.code.tex)
(/nix/store/c98w3qqk6xxbxihbgxs1vpwi50kxcydr-texlive-combined-full-2025-final-t
exmfdist/tex/generic/pgf/math/pgfmathfunctions.basic.code.tex)
(/nix/store/c98w3qqk6xxbxihbgxs1vpwi50kxcydr-texlive-combined-full-2025-final-t
exmfdist/tex/generic/pgf/math/pgfmathfunctions.trigonometric.code.tex)
(/nix/store/c98w3qqk6xxbxihbgxs1vpwi50kxcydr-texlive-combined-full-2025-final-t
exmfdist/tex/generic/pgf/math/pgfmathfunctions.random.code.tex)
(/nix/store/c98w3qqk6xxbxihbgxs1vpwi50kxcydr-texlive-combined-full-2025-final-t
exmfdist/tex/generic/pgf/math/pgfmathfunctions.comparison.code.tex)
(/nix/store/c98w3qqk6xxbxihbgxs1vpwi50kxcydr-texlive-combined-full-2025-final-t
exmfdist/tex/generic/pgf/math/pgfmathfunctions.base.code.tex)
(/nix/store/c98w3qqk6xxbxihbgxs1vpwi50kxcydr-texlive-combined-full-2025-final-t
exmfdist/tex/generic/pgf/math/pgfmathfunctions.round.code.tex)
(/nix/store/c98w3qqk6xxbxihbgxs1vpwi50kxcydr-texlive-combined-full-2025-final-t
exmfdist/tex/generic/pgf/math/pgfmathfunctions.misc.code.tex)
(/nix/store/c98w3qqk6xxbxihbgxs1vpwi50kxcydr-texlive-combined-full-2025-final-t
exmfdist/tex/generic/pgf/math/pgfmathfunctions.integerarithmetics.code.tex)
(/nix/store/c98w3qqk6xxbxihbgxs1vpwi50kxcydr-texlive-combined-full-2025-final-t
exmfdist/tex/generic/pgf/math/pgfmathcalc.code.tex)
(/nix/store/c98w3qqk6xxbxihbgxs1vpwi50kxcydr-texlive-combined-full-2025-final-t
exmfdist/tex/generic/pgf/math/pgfmathfloat.code.tex
\c@pgfmathroundto@lastzeros=\count351
))
(/nix/store/c98w3qqk6xxbxihbgxs1vpwi50kxcydr-texlive-combined-full-2025-final-t
exmfdist/tex/generic/pgf/math/pgfint.code.tex)
(/nix/store/c98w3qqk6xxbxihbgxs1vpwi50kxcydr-texlive-combined-full-2025-final-t
exmfdist/tex/generic/pgf/basiclayer/pgfcorepoints.code.tex
File: pgfcorepoints.code.tex 2025-08-29 v3.1.11a (3.1.11a)
\pgf@picminx=\dimen297
\pgf@picmaxx=\dimen298
\pgf@picminy=\dimen299
\pgf@picmaxy=\dimen300
\pgf@pathminx=\dimen301
\pgf@pathmaxx=\dimen302
\pgf@pathminy=\dimen303
\pgf@pathmaxy=\dimen304
\pgf@xx=\dimen305
\pgf@xy=\dimen306
\pgf@yx=\dimen307
\pgf@yy=\dimen308
\pgf@zx=\dimen309
\pgf@zy=\dimen310
)
(/nix/store/c98w3qqk6xxbxihbgxs1vpwi50kxcydr-texlive-combined-full-2025-final-t
exmfdist/tex/generic/pgf/basiclayer/pgfcorepathconstruct.code.tex
File: pgfcorepathconstruct.code.tex 2025-08-29 v3.1.11a (3.1.11a)
\pgf@path@lastx=\dimen311
\pgf@path@lasty=\dimen312
)
(/nix/store/c98w3qqk6xxbxihbgxs1vpwi50kxcydr-texlive-combined-full-2025-final-t
exmfdist/tex/generic/pgf/basiclayer/pgfcorepathusage.code.tex
File: pgfcorepathusage.code.tex 2025-08-29 v3.1.11a (3.1.11a)
\pgf@shorten@end@additional=\dimen313
\pgf@shorten@start@additional=\dimen314
)
(/nix/store/c98w3qqk6xxbxihbgxs1vpwi50kxcydr-texlive-combined-full-2025-final-t
exmfdist/tex/generic/pgf/basiclayer/pgfcorescopes.code.tex
File: pgfcorescopes.code.tex 2025-08-29 v3.1.11a (3.1.11a)
\pgfpic=\box72
\pgf@hbox=\box73
\pgf@layerbox@main=\box74
\pgf@picture@serial@count=\count352
)
(/nix/store/c98w3qqk6xxbxihbgxs1vpwi50kxcydr-texlive-combined-full-2025-final-t
exmfdist/tex/generic/pgf/basiclayer/pgfcoregraphicstate.code.tex
File: pgfcoregraphicstate.code.tex 2025-08-29 v3.1.11a (3.1.11a)
\pgflinewidth=\dimen315
)
(/nix/store/c98w3qqk6xxbxihbgxs1vpwi50kxcydr-texlive-combined-full-2025-final-t
exmfdist/tex/generic/pgf/basiclayer/pgfcoretransformations.code.tex
File: pgfcoretransformations.code.tex 2025-08-29 v3.1.11a (3.1.11a)
\pgf@pt@x=\dimen316
\pgf@pt@y=\dimen317
\pgf@pt@temp=\dimen318
)
(/nix/store/c98w3qqk6xxbxihbgxs1vpwi50kxcydr-texlive-combined-full-2025-final-t
exmfdist/tex/generic/pgf/basiclayer/pgfcorequick.code.tex
File: pgfcorequick.code.tex 2025-08-29 v3.1.11a (3.1.11a)
)
(/nix/store/c98w3qqk6xxbxihbgxs1vpwi50kxcydr-texlive-combined-full-2025-final-t
exmfdist/tex/generic/pgf/basiclayer/pgfcoreobjects.code.tex
File: pgfcoreobjects.code.tex 2025-08-29 v3.1.11a (3.1.11a)
)
(/nix/store/c98w3qqk6xxbxihbgxs1vpwi50kxcydr-texlive-combined-full-2025-final-t
exmfdist/tex/generic/pgf/basiclayer/pgfcorepathprocessing.code.tex
File: pgfcorepathprocessing.code.tex 2025-08-29 v3.1.11a (3.1.11a)
)
(/nix/store/c98w3qqk6xxbxihbgxs1vpwi50kxcydr-texlive-combined-full-2025-final-t
exmfdist/tex/generic/pgf/basiclayer/pgfcorearrows.code.tex
File: pgfcorearrows.code.tex 2025-08-29 v3.1.11a (3.1.11a)
\pgfarrowsep=\dimen319
)
(/nix/store/c98w3qqk6xxbxihbgxs1vpwi50kxcydr-texlive-combined-full-2025-final-t
exmfdist/tex/generic/pgf/basiclayer/pgfcoreshade.code.tex
File: pgfcoreshade.code.tex 2025-08-29 v3.1.11a (3.1.11a)
\pgf@max=\dimen320
\pgf@sys@shading@range@num=\count353
\pgf@shadingcount=\count354
)
(/nix/store/c98w3qqk6xxbxihbgxs1vpwi50kxcydr-texlive-combined-full-2025-final-t
exmfdist/tex/generic/pgf/basiclayer/pgfcoreimage.code.tex
File: pgfcoreimage.code.tex 2025-08-29 v3.1.11a (3.1.11a)
)
(/nix/store/c98w3qqk6xxbxihbgxs1vpwi50kxcydr-texlive-combined-full-2025-final-t
exmfdist/tex/generic/pgf/basiclayer/pgfcoreexternal.code.tex
File: pgfcoreexternal.code.tex 2025-08-29 v3.1.11a (3.1.11a)
\pgfexternal@startupbox=\box75
)
(/nix/store/c98w3qqk6xxbxihbgxs1vpwi50kxcydr-texlive-combined-full-2025-final-t
exmfdist/tex/generic/pgf/basiclayer/pgfcorelayers.code.tex
File: pgfcorelayers.code.tex 2025-08-29 v3.1.11a (3.1.11a)
)
(/nix/store/c98w3qqk6xxbxihbgxs1vpwi50kxcydr-texlive-combined-full-2025-final-t
exmfdist/tex/generic/pgf/basiclayer/pgfcoretransparency.code.tex
File: pgfcoretransparency.code.tex 2025-08-29 v3.1.11a (3.1.11a)
)
(/nix/store/c98w3qqk6xxbxihbgxs1vpwi50kxcydr-texlive-combined-full-2025-final-t
exmfdist/tex/generic/pgf/basiclayer/pgfcorepatterns.code.tex
File: pgfcorepatterns.code.tex 2025-08-29 v3.1.11a (3.1.11a)
)
(/nix/store/c98w3qqk6xxbxihbgxs1vpwi50kxcydr-texlive-combined-full-2025-final-t
exmfdist/tex/generic/pgf/basiclayer/pgfcorerdf.code.tex
File: pgfcorerdf.code.tex 2025-08-29 v3.1.11a (3.1.11a)
)))
(/nix/store/c98w3qqk6xxbxihbgxs1vpwi50kxcydr-texlive-combined-full-2025-final-t
exmfdist/tex/generic/pgf/modules/pgfmoduleshapes.code.tex
File: pgfmoduleshapes.code.tex 2025-08-29 v3.1.11a (3.1.11a)
\pgfnodeparttextbox=\box76
)
(/nix/store/c98w3qqk6xxbxihbgxs1vpwi50kxcydr-texlive-combined-full-2025-final-t
exmfdist/tex/generic/pgf/modules/pgfmoduleplot.code.tex
File: pgfmoduleplot.code.tex 2025-08-29 v3.1.11a (3.1.11a)
)
(/nix/store/c98w3qqk6xxbxihbgxs1vpwi50kxcydr-texlive-combined-full-2025-final-t
exmfdist/tex/latex/pgf/compatibility/pgfcomp-version-0-65.sty
Package: pgfcomp-version-0-65 2025-08-29 v3.1.11a (3.1.11a)
\pgf@nodesepstart=\dimen321
\pgf@nodesepend=\dimen322
)
(/nix/store/c98w3qqk6xxbxihbgxs1vpwi50kxcydr-texlive-combined-full-2025-final-t
exmfdist/tex/latex/pgf/compatibility/pgfcomp-version-1-18.sty
Package: pgfcomp-version-1-18 2025-08-29 v3.1.11a (3.1.11a)
))
(/nix/store/c98w3qqk6xxbxihbgxs1vpwi50kxcydr-texlive-combined-full-2025-final-t
exmfdist/tex/latex/pgf/utilities/pgffor.sty
(/nix/store/c98w3qqk6xxbxihbgxs1vpwi50kxcydr-texlive-combined-full-2025-final-t
exmfdist/tex/latex/pgf/utilities/pgfkeys.sty
(/nix/store/c98w3qqk6xxbxihbgxs1vpwi50kxcydr-texlive-combined-full-2025-final-t
exmfdist/tex/generic/pgf/utilities/pgfkeys.code.tex))
(/nix/store/c98w3qqk6xxbxihbgxs1vpwi50kxcydr-texlive-combined-full-2025-final-t
exmfdist/tex/latex/pgf/math/pgfmath.sty
(/nix/store/c98w3qqk6xxbxihbgxs1vpwi50kxcydr-texlive-combined-full-2025-final-t
exmfdist/tex/generic/pgf/math/pgfmath.code.tex))
(/nix/store/c98w3qqk6xxbxihbgxs1vpwi50kxcydr-texlive-combined-full-2025-final-t
exmfdist/tex/generic/pgf/utilities/pgffor.code.tex
Package: pgffor 2025-08-29 v3.1.11a (3.1.11a)
\pgffor@iter=\dimen323
\pgffor@skip=\dimen324
\pgffor@stack=\toks47
\pgffor@toks=\toks48
))
(/nix/store/c98w3qqk6xxbxihbgxs1vpwi50kxcydr-texlive-combined-full-2025-final-t
exmfdist/tex/generic/pgf/frontendlayer/tikz/tikz.code.tex
Package: tikz 2025-08-29 v3.1.11a (3.1.11a)

(/nix/store/c98w3qqk6xxbxihbgxs1vpwi50kxcydr-texlive-combined-full-2025-final-t
exmfdist/tex/generic/pgf/libraries/pgflibraryplothandlers.code.tex
File: pgflibraryplothandlers.code.tex 2025-08-29 v3.1.11a (3.1.11a)
\pgf@plot@mark@count=\count355
\pgfplotmarksize=\dimen325
)
\tikz@lastx=\dimen326
\tikz@lasty=\dimen327
\tikz@lastxsaved=\dimen328
\tikz@lastysaved=\dimen329
\tikz@lastmovetox=\dimen330
\tikz@lastmovetoy=\dimen331
\tikzleveldistance=\dimen332
\tikzsiblingdistance=\dimen333
\tikz@figbox=\box77
\tikz@figbox@bg=\box78
\tikz@tempbox=\box79
\tikz@tempbox@bg=\box80
\tikztreelevel=\count356
\tikznumberofchildren=\count357
\tikznumberofcurrentchild=\count358
\tikz@fig@count=\count359

(/nix/store/c98w3qqk6xxbxihbgxs1vpwi50kxcydr-texlive-combined-full-2025-final-t
exmfdist/tex/generic/pgf/modules/pgfmodulematrix.code.tex
File: pgfmodulematrix.code.tex 2025-08-29 v3.1.11a (3.1.11a)
\pgfmatrixcurrentrow=\count360
\pgfmatrixcurrentcolumn=\count361
\pgf@matrix@numberofcolumns=\count362
)
\tikz@expandcount=\count363

(/nix/store/c98w3qqk6xxbxihbgxs1vpwi50kxcydr-texlive-combined-full-2025-final-t
exmfdist/tex/generic/pgf/frontendlayer/tikz/libraries/tikzlibrarytopaths.code.t
ex
File: tikzlibrarytopaths.code.tex 2025-08-29 v3.1.11a (3.1.11a)
)))
(/nix/store/c98w3qqk6xxbxihbgxs1vpwi50kxcydr-texlive-combined-full-2025-final-t
exmfdist/tex/latex/tools/verbatim.sty
Package: verbatim 2024-01-22 v1.5x LaTeX2e package for verbatim enhancements
\every@verbatim=\toks49
\verbatim@line=\toks50
\verbatim@in@stream=\read4
)
(/nix/store/c98w3qqk6xxbxihbgxs1vpwi50kxcydr-texlive-combined-full-2025-final-t
exmfdist/tex/latex/environ/environ.sty
Package: environ 2014/05/04 v0.3 A new way to define environments
)
\tcb@titlebox=\box81
\tcb@upperbox=\box82
\tcb@lowerbox=\box83
\tcb@phantombox=\box84
\c@tcbbreakpart=\count364
\c@tcblayer=\count365
\c@tcolorbox@number=\count366
\l__tcobox_tmpa_box=\box85
\l__tcobox_tmpa_dim=\dimen334
\tcb@temp=\box86
\tcb@temp=\box87
\tcb@temp=\box88
\tcb@temp=\box89

(/nix/store/c98w3qqk6xxbxihbgxs1vpwi50kxcydr-texlive-combined-full-2025-final-t
exmfdist/tex/latex/tcolorbox/tcbraster.code.tex
Library (tcolorbox): 'tcbraster.code.tex' version '6.9.0'
\c@tcbrastercolumn=\count367
\c@tcbrasterrow=\count368
\c@tcbrasternum=\count369
\c@tcbraster=\count370
)
(/nix/store/c98w3qqk6xxbxihbgxs1vpwi50kxcydr-texlive-combined-full-2025-final-t
exmfdist/tex/latex/tcolorbox/tcbskins.code.tex
Library (tcolorbox): 'tcbskins.code.tex' version '6.9.0'

(/nix/store/c98w3qqk6xxbxihbgxs1vpwi50kxcydr-texlive-combined-full-2025-final-t
exmfdist/tex/latex/tikzfill/tikzfill.image.sty
Package: tikzfill.image 2023/08/08 v1.0.1 Image filling library for TikZ

(/nix/store/c98w3qqk6xxbxihbgxs1vpwi50kxcydr-texlive-combined-full-2025-final-t
exmfdist/tex/latex/tikzfill/tikzfill-common.sty
Package: tikzfill-common 2023/08/08 v1.0.1 Auxiliary code for tikzfill
)
(/nix/store/c98w3qqk6xxbxihbgxs1vpwi50kxcydr-texlive-combined-full-2025-final-t
exmfdist/tex/latex/tikzfill/tikzlibraryfill.image.code.tex
File: tikzlibraryfill.image.code.tex 2023/08/08 v1.0.1 Image filling library
\l__tikzfill_img_box=\box90
))
(/nix/store/c98w3qqk6xxbxihbgxs1vpwi50kxcydr-texlive-combined-full-2025-final-t
exmfdist/tex/latex/tcolorbox/tcbskinsjigsaw.code.tex
Library (tcolorbox): 'tcbskinsjigsaw.code.tex' version '6.9.0'
))
(/nix/store/c98w3qqk6xxbxihbgxs1vpwi50kxcydr-texlive-combined-full-2025-final-t
exmfdist/tex/latex/tcolorbox/tcbbreakable.code.tex
Library (tcolorbox): 'tcbbreakable.code.tex' version '6.9.0'

(/nix/store/c98w3qqk6xxbxihbgxs1vpwi50kxcydr-texlive-combined-full-2025-final-t
exmfdist/tex/latex/pdfcol/pdfcol.sty
Package: pdfcol 2022-09-21 v1.7 Handle new color stacks for pdfTeX (HO)
)
Package pdfcol Info: New color stack `tcb@breakable' = 2 on input line 23.
\tcb@testbox=\box91
\tcb@totalupperbox=\box92
\tcb@totallowerbox=\box93
)
(/nix/store/c98w3qqk6xxbxihbgxs1vpwi50kxcydr-texlive-combined-full-2025-final-t
exmfdist/tex/latex/tcolorbox/tcbhooks.code.tex
Library (tcolorbox): 'tcbhooks.code.tex' version '6.9.0'
)
(/nix/store/c98w3qqk6xxbxihbgxs1vpwi50kxcydr-texlive-combined-full-2025-final-t
exmfdist/tex/latex/tcolorbox/tcbtheorems.code.tex
Library (tcolorbox): 'tcbtheorems.code.tex' version '6.9.0'
)
(/nix/store/c98w3qqk6xxbxihbgxs1vpwi50kxcydr-texlive-combined-full-2025-final-t
exmfdist/tex/latex/tcolorbox/tcbfitting.code.tex
Library (tcolorbox): 'tcbfitting.code.tex' version '6.9.0'
\tcbfitdim=\dimen335
\tcb@lowerfitdim=\dimen336
\tcb@upperfitdim=\dimen337
\tcb@cur@hbadness=\count371
)
(/nix/store/c98w3qqk6xxbxihbgxs1vpwi50kxcydr-texlive-combined-full-2025-final-t
exmfdist/tex/latex/tcolorbox/tcblistingsutf8.code.tex
Library (tcolorbox): 'tcblistingsutf8.code.tex' version '6.9.0'

(/nix/store/c98w3qqk6xxbxihbgxs1vpwi50kxcydr-texlive-combined-full-2025-final-t
exmfdist/tex/latex/tcolorbox/tcblistings.code.tex
Library (tcolorbox): 'tcblistings.code.tex' version '6.9.0'

(/nix/store/c98w3qqk6xxbxihbgxs1vpwi50kxcydr-texlive-combined-full-2025-final-t
exmfdist/tex/latex/tcolorbox/tcblistingscore.code.tex
Library (tcolorbox): 'tcblistingscore.code.tex' version '6.9.0'

(/nix/store/c98w3qqk6xxbxihbgxs1vpwi50kxcydr-texlive-combined-full-2025-final-t
exmfdist/tex/latex/tcolorbox/tcbprocessing.code.tex
Library (tcolorbox): 'tcbprocessing.code.tex' version '6.9.0'
)
\c@tcblisting=\count372
))
(/nix/store/c98w3qqk6xxbxihbgxs1vpwi50kxcydr-texlive-combined-full-2025-final-t
exmfdist/tex/latex/listingsutf8/listingsutf8.sty
Package: listingsutf8 2019-12-10 v1.5 Allow UTF-8 in listings input (HO)
))
(/nix/store/c98w3qqk6xxbxihbgxs1vpwi50kxcydr-texlive-combined-full-2025-final-t
exmfdist/tex/latex/tcolorbox/tcbexternal.code.tex
Library (tcolorbox): 'tcbexternal.code.tex' version '6.9.0'
)
(/nix/store/c98w3qqk6xxbxihbgxs1vpwi50kxcydr-texlive-combined-full-2025-final-t
exmfdist/tex/latex/tcolorbox/tcbmagazine.code.tex
Library (tcolorbox): 'tcbmagazine.code.tex' version '6.9.0'
)
(/nix/store/c98w3qqk6xxbxihbgxs1vpwi50kxcydr-texlive-combined-full-2025-final-t
exmfdist/tex/latex/tcolorbox/tcbvignette.code.tex
Library (tcolorbox): 'tcbvignette.code.tex' version '6.9.0'

(/nix/store/c98w3qqk6xxbxihbgxs1vpwi50kxcydr-texlive-combined-full-2025-final-t
exmfdist/tex/generic/pgf/frontendlayer/tikz/libraries/tikzlibraryfadings.code.t
ex
File: tikzlibraryfadings.code.tex 2025-08-29 v3.1.11a (3.1.11a)

(/nix/store/c98w3qqk6xxbxihbgxs1vpwi50kxcydr-texlive-combined-full-2025-final-t
exmfdist/tex/generic/pgf/libraries/pgflibraryfadings.code.tex
File: pgflibraryfadings.code.tex 2025-08-29 v3.1.11a (3.1.11a)
)))
(/nix/store/c98w3qqk6xxbxihbgxs1vpwi50kxcydr-texlive-combined-full-2025-final-t
exmfdist/tex/latex/tcolorbox/tcbposter.code.tex
Library (tcolorbox): 'tcbposter.code.tex' version '6.9.0'
))
(/nix/store/c98w3qqk6xxbxihbgxs1vpwi50kxcydr-texlive-combined-full-2025-final-t
exmfdist/tex/latex/microtype/microtype.sty
Package: microtype 2026/03/01 v3.2d Micro-typographical refinements (RS)
\MT@toks=\toks51
\MT@tempbox=\box94
\MT@count=\count373
LaTeX Info: Redefining \noprotrusionifhmode on input line 1084.
LaTeX Info: Redefining \leftprotrusion on input line 1085.
\MT@prot@toks=\toks52
LaTeX Info: Redefining \rightprotrusion on input line 1104.
LaTeX Info: Redefining \textls on input line 1449.
\MT@outer@kern=\dimen338
LaTeX Info: Redefining \microtypecontext on input line 2053.
LaTeX Info: Redefining \textmicrotypecontext on input line 2070.
\MT@listname@count=\count374

(/nix/store/c98w3qqk6xxbxihbgxs1vpwi50kxcydr-texlive-combined-full-2025-final-t
exmfdist/tex/latex/microtype/microtype-pdftex.def
File: microtype-pdftex.def 2026/03/01 v3.2d Definitions specific to pdftex (RS)

LaTeX Info: Redefining \lsstyle on input line 944.
LaTeX Info: Redefining \lslig on input line 944.
\MT@outer@space=\skip113
)
Package microtype Info: Loading configuration file microtype.cfg.

(/nix/store/c98w3qqk6xxbxihbgxs1vpwi50kxcydr-texlive-combined-full-2025-final-t
exmfdist/tex/latex/microtype/microtype.cfg
File: microtype.cfg 2026/03/01 v3.2d microtype main configuration file (RS)
)
LaTeX Info: Redefining \microtypesetup on input line 3065.
)
(/nix/store/c98w3qqk6xxbxihbgxs1vpwi50kxcydr-texlive-combined-full-2025-final-t
exmfdist/tex/latex/pgfplots/pgfplots.sty
(/nix/store/c98w3qqk6xxbxihbgxs1vpwi50kxcydr-texlive-combined-full-2025-final-t
exmfdist/tex/generic/pgfplots/pgfplots.revision.tex)
Package: pgfplots 2025/08/14 v1.18.2 Data Visualization (1.18.2)

(/nix/store/c98w3qqk6xxbxihbgxs1vpwi50kxcydr-texlive-combined-full-2025-final-t
exmfdist/tex/generic/pgfplots/pgfplots.code.tex
(/nix/store/c98w3qqk6xxbxihbgxs1vpwi50kxcydr-texlive-combined-full-2025-final-t
exmfdist/tex/generic/pgfplots/pgfplotscore.code.tex
\t@pgfplots@toka=\toks53
\t@pgfplots@tokb=\toks54
\t@pgfplots@tokc=\toks55
\pgfplots@tmpa=\dimen339
\c@pgfplots@coordindex=\count375
\c@pgfplots@scanlineindex=\count376

(/nix/store/c98w3qqk6xxbxihbgxs1vpwi50kxcydr-texlive-combined-full-2025-final-t
exmfdist/tex/generic/pgfplots/sys/pgfplotssysgeneric.code.tex))
(/nix/store/c98w3qqk6xxbxihbgxs1vpwi50kxcydr-texlive-combined-full-2025-final-t
exmfdist/tex/generic/pgfplots/libs/pgfplotslibrary.code.tex)
(/nix/store/c98w3qqk6xxbxihbgxs1vpwi50kxcydr-texlive-combined-full-2025-final-t
exmfdist/tex/generic/pgfplots/oldpgfcompatib/pgfplotsoldpgfsupp_loader.code.tex

(/nix/store/c98w3qqk6xxbxihbgxs1vpwi50kxcydr-texlive-combined-full-2025-final-t
exmfdist/tex/generic/pgf/libraries/pgflibraryfpu.code.tex)
(/nix/store/c98w3qqk6xxbxihbgxs1vpwi50kxcydr-texlive-combined-full-2025-final-t
exmfdist/tex/generic/pgfplots/oldpgfcompatib/pgfplotsoldpgfsupp_pgfutil-common-
lists.tex))
(/nix/store/c98w3qqk6xxbxihbgxs1vpwi50kxcydr-texlive-combined-full-2025-final-t
exmfdist/tex/generic/pgfplots/util/pgfplotsutil.code.tex
(/nix/store/c98w3qqk6xxbxihbgxs1vpwi50kxcydr-texlive-combined-full-2025-final-t
exmfdist/tex/generic/pgfplots/liststructure/pgfplotsliststructure.code.tex)
(/nix/store/c98w3qqk6xxbxihbgxs1vpwi50kxcydr-texlive-combined-full-2025-final-t
exmfdist/tex/generic/pgfplots/liststructure/pgfplotsliststructureext.code.tex)
(/nix/store/c98w3qqk6xxbxihbgxs1vpwi50kxcydr-texlive-combined-full-2025-final-t
exmfdist/tex/generic/pgfplots/liststructure/pgfplotsarray.code.tex
\c@pgfplotsarray@tmp=\count377
)
(/nix/store/c98w3qqk6xxbxihbgxs1vpwi50kxcydr-texlive-combined-full-2025-final-t
exmfdist/tex/generic/pgfplots/liststructure/pgfplotsmatrix.code.tex)
(/nix/store/c98w3qqk6xxbxihbgxs1vpwi50kxcydr-texlive-combined-full-2025-final-t
exmfdist/tex/generic/pgfplots/numtable/pgfplotstableshared.code.tex
\c@pgfplotstable@counta=\count378
\t@pgfplotstable@a=\toks56
)
(/nix/store/c98w3qqk6xxbxihbgxs1vpwi50kxcydr-texlive-combined-full-2025-final-t
exmfdist/tex/generic/pgfplots/liststructure/pgfplotsdeque.code.tex)
(/nix/store/c98w3qqk6xxbxihbgxs1vpwi50kxcydr-texlive-combined-full-2025-final-t
exmfdist/tex/generic/pgfplots/util/pgfplotsbinary.code.tex
(/nix/store/c98w3qqk6xxbxihbgxs1vpwi50kxcydr-texlive-combined-full-2025-final-t
exmfdist/tex/generic/pgfplots/util/pgfplotsbinary.data.code.tex))
(/nix/store/c98w3qqk6xxbxihbgxs1vpwi50kxcydr-texlive-combined-full-2025-final-t
exmfdist/tex/generic/pgfplots/util/pgfplotsutil.verb.code.tex)
(/nix/store/c98w3qqk6xxbxihbgxs1vpwi50kxcydr-texlive-combined-full-2025-final-t
exmfdist/tex/generic/pgfplots/libs/pgflibrarypgfplots.surfshading.code.tex
\c@pgfplotslibrarysurf@no=\count379

(/nix/store/c98w3qqk6xxbxihbgxs1vpwi50kxcydr-texlive-combined-full-2025-final-t
exmfdist/tex/generic/pgfplots/sys/pgflibrarypgfplots.surfshading.pgfsys-pdftex.
def)))
(/nix/store/c98w3qqk6xxbxihbgxs1vpwi50kxcydr-texlive-combined-full-2025-final-t
exmfdist/tex/generic/pgfplots/util/pgfplotscolormap.code.tex
(/nix/store/c98w3qqk6xxbxihbgxs1vpwi50kxcydr-texlive-combined-full-2025-final-t
exmfdist/tex/generic/pgfplots/util/pgfplotscolor.code.tex))
(/nix/store/c98w3qqk6xxbxihbgxs1vpwi50kxcydr-texlive-combined-full-2025-final-t
exmfdist/tex/generic/pgfplots/pgfplotsstackedplots.code.tex)
(/nix/store/c98w3qqk6xxbxihbgxs1vpwi50kxcydr-texlive-combined-full-2025-final-t
exmfdist/tex/generic/pgfplots/pgfplotsplothandlers.code.tex
(/nix/store/c98w3qqk6xxbxihbgxs1vpwi50kxcydr-texlive-combined-full-2025-final-t
exmfdist/tex/generic/pgfplots/pgfplotsmeshplothandler.code.tex
(/nix/store/c98w3qqk6xxbxihbgxs1vpwi50kxcydr-texlive-combined-full-2025-final-t
exmfdist/tex/generic/pgfplots/pgfplotsmeshplotimage.code.tex)))
(/nix/store/c98w3qqk6xxbxihbgxs1vpwi50kxcydr-texlive-combined-full-2025-final-t
exmfdist/tex/generic/pgfplots/pgfplots.scaling.code.tex)
(/nix/store/c98w3qqk6xxbxihbgxs1vpwi50kxcydr-texlive-combined-full-2025-final-t
exmfdist/tex/generic/pgfplots/pgfplotscoordprocessing.code.tex)
(/nix/store/c98w3qqk6xxbxihbgxs1vpwi50kxcydr-texlive-combined-full-2025-final-t
exmfdist/tex/generic/pgfplots/pgfplots.errorbars.code.tex)
(/nix/store/c98w3qqk6xxbxihbgxs1vpwi50kxcydr-texlive-combined-full-2025-final-t
exmfdist/tex/generic/pgfplots/pgfplots.markers.code.tex)
(/nix/store/c98w3qqk6xxbxihbgxs1vpwi50kxcydr-texlive-combined-full-2025-final-t
exmfdist/tex/generic/pgfplots/pgfplotsticks.code.tex)
(/nix/store/c98w3qqk6xxbxihbgxs1vpwi50kxcydr-texlive-combined-full-2025-final-t
exmfdist/tex/generic/pgfplots/pgfplots.paths.code.tex)
(/nix/store/c98w3qqk6xxbxihbgxs1vpwi50kxcydr-texlive-combined-full-2025-final-t
exmfdist/tex/generic/pgf/frontendlayer/tikz/libraries/tikzlibrarydecorations.co
de.tex
(/nix/store/c98w3qqk6xxbxihbgxs1vpwi50kxcydr-texlive-combined-full-2025-final-t
exmfdist/tex/generic/pgf/modules/pgfmoduledecorations.code.tex
\pgfdecoratedcompleteddistance=\dimen340
\pgfdecoratedremainingdistance=\dimen341
\pgfdecoratedinputsegmentcompleteddistance=\dimen342
\pgfdecoratedinputsegmentremainingdistance=\dimen343
\pgf@decorate@distancetomove=\dimen344
\pgf@decorate@repeatstate=\count380
\pgfdecorationsegmentamplitude=\dimen345
\pgfdecorationsegmentlength=\dimen346
)
\tikz@lib@dec@box=\box95
)
(/nix/store/c98w3qqk6xxbxihbgxs1vpwi50kxcydr-texlive-combined-full-2025-final-t
exmfdist/tex/generic/pgf/frontendlayer/tikz/libraries/tikzlibrarydecorations.pa
thmorphing.code.tex
(/nix/store/c98w3qqk6xxbxihbgxs1vpwi50kxcydr-texlive-combined-full-2025-final-t
exmfdist/tex/generic/pgf/libraries/decorations/pgflibrarydecorations.pathmorphi
ng.code.tex))
(/nix/store/c98w3qqk6xxbxihbgxs1vpwi50kxcydr-texlive-combined-full-2025-final-t
exmfdist/tex/generic/pgf/frontendlayer/tikz/libraries/tikzlibrarydecorations.pa
threplacing.code.tex
(/nix/store/c98w3qqk6xxbxihbgxs1vpwi50kxcydr-texlive-combined-full-2025-final-t
exmfdist/tex/generic/pgf/libraries/decorations/pgflibrarydecorations.pathreplac
ing.code.tex))
(/nix/store/c98w3qqk6xxbxihbgxs1vpwi50kxcydr-texlive-combined-full-2025-final-t
exmfdist/tex/generic/pgfplots/libs/tikzlibrarypgfplots.contourlua.code.tex)
\pgfplots@numplots=\count381
\pgfplots@xmin@reg=\dimen347
\pgfplots@xmax@reg=\dimen348
\pgfplots@ymin@reg=\dimen349
\pgfplots@ymax@reg=\dimen350
\pgfplots@zmin@reg=\dimen351
\pgfplots@zmax@reg=\dimen352
)
(/nix/store/c98w3qqk6xxbxihbgxs1vpwi50kxcydr-texlive-combined-full-2025-final-t
exmfdist/tex/generic/pgf/frontendlayer/tikz/libraries/tikzlibraryplotmarks.code
.tex
File: tikzlibraryplotmarks.code.tex 2025-08-29 v3.1.11a (3.1.11a)

(/nix/store/c98w3qqk6xxbxihbgxs1vpwi50kxcydr-texlive-combined-full-2025-final-t
exmfdist/tex/generic/pgf/libraries/pgflibraryplotmarks.code.tex
File: pgflibraryplotmarks.code.tex 2025-08-29 v3.1.11a (3.1.11a)
)))
Package hyperref Info: Option `unicode' set `true' on input line 913.
LaTeX Font Info:    Trying to load font information for T1+ptm on input line 10
27.

(/nix/store/c98w3qqk6xxbxihbgxs1vpwi50kxcydr-texlive-combined-full-2025-final-t
exmfdist/tex/latex/psnfss/t1ptm.fd
File: t1ptm.fd 2001/06/04 font definitions for T1/ptm.
)
(/nix/store/c98w3qqk6xxbxihbgxs1vpwi50kxcydr-texlive-combined-full-2025-final-t
exmfdist/tex/latex/l3backend/l3backend-pdftex.def
File: l3backend-pdftex.def 2025-10-09 L3 backend support: PDF output (pdfTeX)
\l__color_backend_stack_int=\count382
)

LaTeX Warning: Unused global option(s):
    [13pt].

(./main-v8.aux
LaTeX Font Info:    Trying to load font information for T5+ptm on input line 12
.

(/nix/store/c98w3qqk6xxbxihbgxs1vpwi50kxcydr-texlive-combined-full-2025-final-t
exmfdist/tex/latex/vntex/t5ptm.fd
File: t5utm.fd 2005/08/24 Fontinst v1.929 font definitions for T5/ptm.
)
Package babel Info: 'vietnamese' activates 'vietnamese' shorthands.
(babel)             Reported on input line 12.
)
\openout1 = `main-v8.aux'.

LaTeX Font Info:    Checking defaults for OML/cmm/m/it on input line 1027.
LaTeX Font Info:    ... okay on input line 1027.
LaTeX Font Info:    Checking defaults for OMS/cmsy/m/n on input line 1027.
LaTeX Font Info:    ... okay on input line 1027.
LaTeX Font Info:    Checking defaults for OT1/cmr/m/n on input line 1027.
LaTeX Font Info:    ... okay on input line 1027.
LaTeX Font Info:    Checking defaults for T1/cmr/m/n on input line 1027.
LaTeX Font Info:    ... okay on input line 1027.
LaTeX Font Info:    Checking defaults for TS1/cmr/m/n on input line 1027.
LaTeX Font Info:    ... okay on input line 1027.
LaTeX Font Info:    Checking defaults for OMX/cmex/m/n on input line 1027.
LaTeX Font Info:    ... okay on input line 1027.
LaTeX Font Info:    Checking defaults for U/cmr/m/n on input line 1027.
LaTeX Font Info:    ... okay on input line 1027.
LaTeX Font Info:    Checking defaults for T5/cmr/m/n on input line 1027.
LaTeX Font Info:    Trying to load font information for T5+cmr on input line 10
27.

(/nix/store/c98w3qqk6xxbxihbgxs1vpwi50kxcydr-texlive-combined-full-2025-final-t
exmfdist/tex/latex/vntex/t5cmr.fd
File: t5cmr.fd 1999/05/25 v2.5h Standard LaTeX font definitions
)
LaTeX Font Info:    ... okay on input line 1027.
LaTeX Font Info:    Checking defaults for PD1/pdf/m/n on input line 1027.
LaTeX Font Info:    ... okay on input line 1027.
LaTeX Font Info:    Checking defaults for PU/pdf/m/n on input line 1027.
LaTeX Font Info:    ... okay on input line 1027.

*geometry* driver: auto-detecting
*geometry* detected driver: pdftex
*geometry* verbose mode - [ preamble ] result:
* driver: pdftex
* paper: a4paper
* layout: <same size as paper>
* layoutoffset:(h,v)=(0.0pt,0.0pt)
* modes: 
* h-part:(L,W,R)=(85.35826pt, 455.24411pt, 56.9055pt)
* v-part:(T,H,B)=(71.13188pt, 688.5567pt, 85.35826pt)
* \paperwidth=597.50787pt
* \paperheight=845.04684pt
* \textwidth=455.24411pt
* \textheight=688.5567pt
* \oddsidemargin=13.08827pt
* \evensidemargin=13.08827pt
* \topmargin=-38.1381pt
* \headheight=12.0pt
* \headsep=25.0pt
* \topskip=10.0pt
* \footskip=30.0pt
* \marginparwidth=57.0pt
* \marginparsep=11.0pt
* \columnsep=10.0pt
* \skip\footins=9.0pt plus 4.0pt minus 2.0pt
* \hoffset=0.0pt
* \voffset=0.0pt
* \mag=1000
* \@twocolumnfalse
* \@twosidefalse
* \@mparswitchfalse
* \@reversemarginfalse
* (1in=72.27pt=25.4mm, 1cm=28.453pt)


(/nix/store/c98w3qqk6xxbxihbgxs1vpwi50kxcydr-texlive-combined-full-2025-final-t
exmfdist/tex/context/base/mkii/supp-pdf.mkii
[Loading MPS to PDF converter (version 2006.09.02).]
\scratchcounter=\count383
\scratchdimen=\dimen353
\scratchbox=\box96
\nofMPsegments=\count384
\nofMParguments=\count385
\everyMPshowfont=\toks57
\MPscratchCnt=\count386
\MPscratchDim=\dimen354
\MPnumerator=\count387
\makeMPintoPDFobject=\count388
\everyMPtoPDFconversion=\toks58
)
(/nix/store/c98w3qqk6xxbxihbgxs1vpwi50kxcydr-texlive-combined-full-2025-final-t
exmfdist/tex/latex/epstopdf-pkg/epstopdf-base.sty
Package: epstopdf-base 2020-01-24 v2.11 Base part for package epstopdf
Package epstopdf-base Info: Redefining graphics rule for `.eps' on input line 4
85.

(/nix/store/c98w3qqk6xxbxihbgxs1vpwi50kxcydr-texlive-combined-full-2025-final-t
exmfdist/tex/latex/latexconfig/epstopdf-sys.cfg
File: epstopdf-sys.cfg 2010/07/13 v1.3 Configuration of (r)epstopdf for TeX Liv
e
))
Package caption Info: Begin \AtBeginDocument code.
Package caption Info: float package is loaded.
Package caption Info: hyperref package is loaded.
Package caption Info: listings package is loaded.
Package caption Info: longtable package is loaded.

(/nix/store/c98w3qqk6xxbxihbgxs1vpwi50kxcydr-texlive-combined-full-2025-final-t
exmfdist/tex/latex/caption/ltcaption.sty
Package: ltcaption 2021/01/08 v1.4c longtable captions (AR)
)
Package caption Info: End \AtBeginDocument code.
Package hyperref Info: Link coloring OFF on input line 1027.
 (./main-v8.out) (./main-v8.out)
\@outlinefile=\write4
\openout4 = `main-v8.out'.

\c@lstlisting=\count389
Package microtype Info: Patching varwidth to enable character protrusion.
\MT@vwid@leftmargin=\dimen355
\MT@vwid@rightmargin=\dimen356
LaTeX Info: Redefining \microtypecontext on input line 1027.
Package microtype Info: Applying patch `item' on input line 1027.
Package microtype Info: Applying patch `toc' on input line 1027.
Package microtype Info: Applying patch `eqnum' on input line 1027.
Package microtype Info: Applying patch `footnote' on input line 1027.
Package microtype Info: Applying patch `verbatim' on input line 1027.
LaTeX Info: Redefining \microtypesetup on input line 1027.
Package microtype Info: Generating PDF output.
Package microtype Info: Character protrusion enabled (level 2).
Package microtype Info: Using default protrusion set `alltext'.
Package microtype Info: Automatic font expansion enabled (level 2),
(microtype)             stretch: 20, shrink: 20, step: 1, non-selected.
Package microtype Info: Using default expansion set `alltext-nott'.
Package microtype Info: Patching command `\showhyphens'.
Package microtype Info: No adjustment of tracking.
Package microtype Info: No adjustment of interword spacing.
Package microtype Info: No adjustment of character kerning.

(/nix/store/c98w3qqk6xxbxihbgxs1vpwi50kxcydr-texlive-combined-full-2025-final-t
exmfdist/tex/latex/microtype/mt-ptm.cfg
File: mt-ptm.cfg 2006/04/20 v1.7 microtype config. file: Times (RS)
)

Package microtype Warning: I cannot find a protrusion list for font
(microtype)                `T5/ptm/m/n/10'. Switching off
(microtype)                protrusion for this font on input line 1027.

Package pgfplots notification 'compat/show suggested version=true': document ha
s been generated with the most recent feature set (\pgfplotsset{compat=1.18}).


Package microtype Warning: I cannot find a protrusion list for font
(microtype)                `T5/ptm/m/n/14.4'. Switching off
(microtype)                protrusion for this font on input line 1032.


Package microtype Warning: I cannot find a protrusion list for font
(microtype)                `T5/ptm/b/n/14.4'. Switching off
(microtype)                protrusion for this font on input line 1032.

[1


{/nix/store/75kp7paavalzwm0fw3xg5lbdj75jnzcd-texlive-combined-full-2025-final/s
hare/texmf-var/fonts/map/pdftex/updmap/pdftex.map}{/nix/store/c98w3qqk6xxbxihbg
xs1vpwi50kxcydr-texlive-combined-full-2025-final-texmfdist/fonts/enc/dvips/vnte
x/t5.enc}]
LaTeX Font Info:    Trying to load font information for T5+cmtt on input line 1
046.

(/nix/store/c98w3qqk6xxbxihbgxs1vpwi50kxcydr-texlive-combined-full-2025-final-t
exmfdist/tex/latex/vntex/t5cmtt.fd
File: t5cmtt.fd 1999/05/25 v2.5h Standard LaTeX font definitions
)

Package microtype Warning: I cannot find a protrusion list for font
(microtype)                `T5/cmtt/m/n/10'. Switching off
(microtype)                protrusion for this font on input line 1046.

[2

]

Package microtype Warning: I cannot find a protrusion list for font
(microtype)                `T5/ptm/m/n/9'. Switching off
(microtype)                protrusion for this font on input line 1059.


Package microtype Warning: I cannot find a protrusion list for font
(microtype)                `T5/ptm/b/n/9'. Switching off
(microtype)                protrusion for this font on input line 1059.


Package microtype Warning: I cannot find a protrusion list for font
(microtype)                `T5/ptm/b/n/10'. Switching off
(microtype)                protrusion for this font on input line 1062.


Overfull \hbox (0.61127pt too wide) in alignment at lines 1058--1063
 [] [] [] 
 []


Overfull \hbox (0.61127pt too wide) in alignment at lines 1063--1066
 [] [] [] 
 []


Underfull \hbox (badness 5771) in paragraph at lines 1069--1069
[]|\T5/ptm/m/n/10 (+20) Tˇi düng ki¸n tróc tęng quan, phĄn tˇch vňng 
 []


Overfull \hbox (0.61127pt too wide) in alignment at lines 1066--1074
 [] [] [] 
 []

[3

]

Package microtype Warning: I cannot find a protrusion list for font
(microtype)                `T5/ptm/m/n/24.88'. Switching off
(microtype)                protrusion for this font on input line 1077.


Package microtype Warning: I cannot find a protrusion list for font
(microtype)                `T5/ptm/b/n/24.88'. Switching off
(microtype)                protrusion for this font on input line 1077.

(./main-v8.toc
LaTeX Font Info:    Trying to load font information for OT1+ztmcm on input line
 2.

(/nix/store/c98w3qqk6xxbxihbgxs1vpwi50kxcydr-texlive-combined-full-2025-final-t
exmfdist/tex/latex/psnfss/ot1ztmcm.fd
File: ot1ztmcm.fd 2000/01/03 Fontinst v1.801 font definitions for OT1/ztmcm.
)
Package microtype Info: Loading generic protrusion settings for font family
(microtype)             `ztmcm' (encoding: OT1).
(microtype)             For optimal results, create family-specific settings.
(microtype)             See the microtype manual for details.
LaTeX Font Info:    Trying to load font information for OML+ztmcm on input line
 2.

(/nix/store/c98w3qqk6xxbxihbgxs1vpwi50kxcydr-texlive-combined-full-2025-final-t
exmfdist/tex/latex/psnfss/omlztmcm.fd
File: omlztmcm.fd 2000/01/03 Fontinst v1.801 font definitions for OML/ztmcm.
)
LaTeX Font Info:    Trying to load font information for OMS+ztmcm on input line
 2.

(/nix/store/c98w3qqk6xxbxihbgxs1vpwi50kxcydr-texlive-combined-full-2025-final-t
exmfdist/tex/latex/psnfss/omsztmcm.fd
File: omsztmcm.fd 2000/01/03 Fontinst v1.801 font definitions for OMS/ztmcm.
)
LaTeX Font Info:    Trying to load font information for OMX+ztmcm on input line
 2.

(/nix/store/c98w3qqk6xxbxihbgxs1vpwi50kxcydr-texlive-combined-full-2025-final-t
exmfdist/tex/latex/psnfss/omxztmcm.fd
File: omxztmcm.fd 2000/01/03 Fontinst v1.801 font definitions for OMX/ztmcm.
)
LaTeX Font Info:    Trying to load font information for OT1+ptm on input line 2
.

(/nix/store/c98w3qqk6xxbxihbgxs1vpwi50kxcydr-texlive-combined-full-2025-final-t
exmfdist/tex/latex/psnfss/ot1ptm.fd
File: ot1ptm.fd 2001/06/04 font definitions for OT1/ptm.
)
LaTeX Font Info:    Font shape `OT1/ptm/bx/n' in size <10> not available
(Font)              Font shape `OT1/ptm/b/n' tried instead on input line 2.
LaTeX Font Info:    Font shape `OT1/ptm/bx/n' in size <7.4> not available
(Font)              Font shape `OT1/ptm/b/n' tried instead on input line 2.
LaTeX Font Info:    Font shape `OT1/ptm/bx/n' in size <6> not available
(Font)              Font shape `OT1/ptm/b/n' tried instead on input line 2.

(/nix/store/c98w3qqk6xxbxihbgxs1vpwi50kxcydr-texlive-combined-full-2025-final-t
exmfdist/tex/latex/microtype/mt-msa.cfg
File: mt-msa.cfg 2006/02/04 v1.1 microtype config. file: AMS symbols (a) (RS)
)
(/nix/store/c98w3qqk6xxbxihbgxs1vpwi50kxcydr-texlive-combined-full-2025-final-t
exmfdist/tex/latex/microtype/mt-msb.cfg
File: mt-msb.cfg 2005/06/01 v1.0 microtype config. file: AMS symbols (b) (RS)
)

Package microtype Warning: I cannot find a protrusion list for font
(microtype)                `T5/ptm/m/it/10'. Switching off
(microtype)                protrusion for this font on input line 9.

[4

] [5])
\tf@toc=\write5
\openout5 = `main-v8.toc'.

 [6] (./main-v8.lof)
\tf@lof=\write6
\openout6 = `main-v8.lof'.

 [7

] (./main-v8.lot)
\tf@lot=\write7
\openout7 = `main-v8.lot'.

 [8

]
Ch\uhorn \ohorn ng I.

Package microtype Warning: I cannot find a protrusion list for font
(microtype)                `T5/ptm/m/n/12'. Switching off
(microtype)                protrusion for this font on input line 1094.


Package microtype Warning: I cannot find a protrusion list for font
(microtype)                `T5/ptm/b/n/12'. Switching off
(microtype)                protrusion for this font on input line 1094.

[1


]

Package microtype Warning: I cannot find a protrusion list for font
(microtype)                `T5/cmtt/m/n/8'. Switching off
(microtype)                protrusion for this font on input line 1118.


Underfull \hbox (badness 10000) in paragraph at lines 1130--1131
\T5/ptm/m/n/10 (+20) Pipeline \T5/cmtt/m/n/8 p i p e l i n e s / p e r s i s t 
. y a m l \T5/ptm/m/n/10 (+20) ti¶u thö \T5/cmtt/m/n/10 logs-persist\T5/ptm/m/n
/10 (+20) , ghi batch v o ClickHouse bŁng
 []

[2] [3] [4] [5]
Ch\uhorn \ohorn ng II.
[6

]
Underfull \hbox (badness 3312) in paragraph at lines 1229--1230
\T5/ptm/m/n/10 (+20) Ki¸n tróc tęng thş ^^_÷ńc chia th nh n«m vňng: actors, ing
ress/broker, processing, storage/state v 
 []

Package svg Info: Calling Inkscape on input line 1237.
runsystem(inkscape "fig-architecture.svg" -D --export-filename="fig-architectur
e_svg-raw.pdf")...executed.

runsystem(mkdir -p "./svg-inkscape/")...executed.

runsystem(mv "fig-architecture_svg-raw.pdf" "./svg-inkscape/fig-architecture_sv
g-raw.pdf")...executed.

<./svg-inkscape/fig-architecture_svg-raw.pdf, id=814, 1490.96255pt x 995.04799p
t>
File: ./svg-inkscape/fig-architecture_svg-raw.pdf Graphic file (type pdf)
<use ./svg-inkscape/fig-architecture_svg-raw.pdf>
Package pdftex.def Info: ./svg-inkscape/fig-architecture_svg-raw.pdf  used on i
nput line 1237.
(pdftex.def)             Requested size: 1490.95894pt x 995.04556pt.
[7] [8 <./svg-inkscape/fig-architecture_svg-raw.pdf>] [9] [10] [11] [12]
[13] [14]
Package svg Info: Calling Inkscape on input line 1431.
runsystem(inkscape "fig-seq-ingest.svg" -D --export-filename="fig-seq-ingest_sv
g-raw.pdf")...executed.

runsystem(mkdir -p "./svg-inkscape/")...executed.

runsystem(mv "fig-seq-ingest_svg-raw.pdf" "./svg-inkscape/fig-seq-ingest_svg-ra
w.pdf")...executed.

<./svg-inkscape/fig-seq-ingest_svg-raw.pdf, id=860, 1279.78125pt x 760.34062pt>

File: ./svg-inkscape/fig-seq-ingest_svg-raw.pdf Graphic file (type pdf)
<use ./svg-inkscape/fig-seq-ingest_svg-raw.pdf>
Package pdftex.def Info: ./svg-inkscape/fig-seq-ingest_svg-raw.pdf  used on inp
ut line 1431.
(pdftex.def)             Requested size: 1279.77814pt x 760.33876pt.
Package svg Info: Calling Inkscape on input line 1444.
runsystem(inkscape "fig-seq-alert.svg" -D --export-filename="fig-seq-alert_svg-
raw.pdf")...executed.

runsystem(mkdir -p "./svg-inkscape/")...executed.

runsystem(mv "fig-seq-alert_svg-raw.pdf" "./svg-inkscape/fig-seq-alert_svg-raw.
pdf")...executed.

<./svg-inkscape/fig-seq-alert_svg-raw.pdf, id=864, 978.65625pt x 570.63188pt>
File: ./svg-inkscape/fig-seq-alert_svg-raw.pdf Graphic file (type pdf)
<use ./svg-inkscape/fig-seq-alert_svg-raw.pdf>
Package pdftex.def Info: ./svg-inkscape/fig-seq-alert_svg-raw.pdf  used on inpu
t line 1444.
(pdftex.def)             Requested size: 978.65387pt x 570.6305pt.
 [15 <./svg-inkscape/fig-seq-ingest_svg-raw.pdf>]
Package svg Info: Calling Inkscape on input line 1457.
runsystem(inkscape "fig-seq-rbac.svg" -D --export-filename="fig-seq-rbac_svg-ra
w.pdf")...executed.

runsystem(mkdir -p "./svg-inkscape/")...executed.

runsystem(mv "fig-seq-rbac_svg-raw.pdf" "./svg-inkscape/fig-seq-rbac_svg-raw.pd
f")...executed.

<./svg-inkscape/fig-seq-rbac_svg-raw.pdf, id=942, 790.45313pt x 633.86812pt>
File: ./svg-inkscape/fig-seq-rbac_svg-raw.pdf Graphic file (type pdf)
<use ./svg-inkscape/fig-seq-rbac_svg-raw.pdf>
Package pdftex.def Info: ./svg-inkscape/fig-seq-rbac_svg-raw.pdf  used on input
 line 1457.
(pdftex.def)             Requested size: 790.45119pt x 633.86658pt.
 [16 <./svg-inkscape/fig-seq-alert_svg-raw.pdf>]
Package svg Info: Calling Inkscape on input line 1468.
runsystem(inkscape "fig-seq-telegram.svg" -D --export-filename="fig-seq-telegra
m_svg-raw.pdf")...executed.

runsystem(mkdir -p "./svg-inkscape/")...executed.

runsystem(mv "fig-seq-telegram_svg-raw.pdf" "./svg-inkscape/fig-seq-telegram_sv
g-raw.pdf")...executed.

<./svg-inkscape/fig-seq-telegram_svg-raw.pdf, id=998, 843.15pt x 602.25pt>
File: ./svg-inkscape/fig-seq-telegram_svg-raw.pdf Graphic file (type pdf)
<use ./svg-inkscape/fig-seq-telegram_svg-raw.pdf>
Package pdftex.def Info: ./svg-inkscape/fig-seq-telegram_svg-raw.pdf  used on i
nput line 1468.
(pdftex.def)             Requested size: 843.14793pt x 602.24852pt.
 [17 <./svg-inkscape/fig-seq-rbac_svg-raw.pdf>]
ignored error: Infinite glue shrinkage found in box being split [18 <./svg-inks
cape/fig-seq-telegram_svg-raw.pdf>]
Underfull \hbox (badness 1796) in paragraph at lines 1519--1519
[]|\T5/ptm/m/n/10 (+20) D nh cho tag record léi; c¦n 
 []


Underfull \hbox (badness 2035) in paragraph at lines 1524--1525
\T5/cmtt/m/n/10 MergeTree\T5/ptm/m/n/10 (+20) , ordering key \T5/cmtt/m/n/10 (T
imestamp, Trace_ID) \T5/ptm/m/n/10 (+20) v  TTL 7 ng y. BŁng \T5/cmtt/m/n/10 ho
urly_health_mv \T5/ptm/m/n/10 (+20) dňng
 []


Package microtype Warning: I cannot find a protrusion list for font
(microtype)                `T5/cmtt/m/n/9'. Switching off
(microtype)                protrusion for this font on input line 1537.

LaTeX Font Info:    Font shape `OT1/ptm/bx/n' in size <9> not available
(Font)              Font shape `OT1/ptm/b/n' tried instead on input line 1537.
LaTeX Font Info:    Font shape `OT1/ptm/bx/n' in size <7> not available
(Font)              Font shape `OT1/ptm/b/n' tried instead on input line 1537.
LaTeX Font Info:    Font shape `OT1/ptm/bx/n' in size <5> not available
(Font)              Font shape `OT1/ptm/b/n' tried instead on input line 1537.

Underfull \hbox (badness 1412) in paragraph at lines 1541--1541
[]|\T5/ptm/m/n/9 (+20) L÷u \T5/cmtt/m/n/9 username\T5/ptm/m/n/9 (+20) , \T5/cmt
t/m/n/9 password_hash\T5/ptm/m/n/9 (+20) , \T5/cmtt/m/n/9 role \T5/ptm/m/n/9 (+
20) v  
 []

[19]
Overfull \hbox (102.46446pt too wide) in paragraph at lines 1561--1561
[]|\T5/cmtt/m/n/10 dedup:global:{Application_Name}:{messageHash}|  
 []


Underfull \hbox (badness 1803) in paragraph at lines 1565--1565
[]|\T5/cmtt/m/n/10 session:{token}\T5/ptm/m/n/10 (+20) , 
 []


Underfull \hbox (badness 1314) in paragraph at lines 1565--1565
\T5/cmtt/m/n/10 config:alert_ttl\T5/ptm/m/n/10 (+20) , 
 []

Package svg Info: Calling Inkscape on input line 1574.
runsystem(inkscape "fig-data-model.svg" -D --export-filename="fig-data-model_sv
g-raw.pdf")...executed.

runsystem(mkdir -p "./svg-inkscape/")...executed.

runsystem(mv "fig-data-model_svg-raw.pdf" "./svg-inkscape/fig-data-model_svg-ra
w.pdf")...executed.

<./svg-inkscape/fig-data-model_svg-raw.pdf, id=1133, 915.80804pt x 822.11156pt>

File: ./svg-inkscape/fig-data-model_svg-raw.pdf Graphic file (type pdf)
<use ./svg-inkscape/fig-data-model_svg-raw.pdf>
Package pdftex.def Info: ./svg-inkscape/fig-data-model_svg-raw.pdf  used on inp
ut line 1574.
(pdftex.def)             Requested size: 915.80582pt x 822.10954pt.
[20]
ignored error: Infinite glue shrinkage found in box being split [21 <./svg-inks
cape/fig-data-model_svg-raw.pdf>]
Overfull \hbox (1.63034pt too wide) in alignment at lines 1603--1608
 [] [] [] [] 
 []


Overfull \hbox (1.63034pt too wide) in alignment at lines 1608--1611
 [] [] [] [] 
 []


Underfull \hbox (badness 4927) in paragraph at lines 1613--1613
[]|\T5/ptm/m/n/10 (+20) Subscribe 
 []


Overfull \hbox (1.63034pt too wide) in alignment at lines 1611--1616
 [] [] [] [] 
 []

[22] [23] [24]
Overfull \hbox (1.6299pt too wide) in alignment at lines 1678--1683
 [] [] [] [] 
 []


Overfull \hbox (1.6299pt too wide) in alignment at lines 1683--1686
 [] [] [] [] 
 []


Underfull \hbox (badness 1565) in paragraph at lines 1694--1694
[]|\T5/ptm/m/n/10 (+20) BŁn ghi léi chuyşn sang 
 []


Overfull \hbox (1.6299pt too wide) in alignment at lines 1686--1697
 [] [] [] [] 
 []

Package pgfplots info on input line 1721: Using 'lua backend=false' for axis: x
 coord trafo unsupported.

Package microtype Warning: I cannot find a protrusion list for font
(microtype)                `T5/ptm/m/n/7'. Switching off
(microtype)                protrusion for this font on input line 1724.

[25]
Package pgfplots info on input line 1777: Using 'lua backend=false' for axis: x
 coord trafo unsupported.
 [26{/nix/store/c98w3qqk6xxbxihbgxs1vpwi50kxcydr-texlive-combined-full-2025-fin
al-texmfdist/fonts/enc/dvips/base/8r.enc}] [27]
Ch\uhorn \ohorn ng III.

Underfull \hbox (badness 2573) in paragraph at lines 1810--1810
[]|\T5/ptm/m/n/10 (+20) Internal 
 []


Underfull \hbox (badness 1308) in paragraph at lines 1810--1810
[]|\T5/ptm/m/n/10 (+20) Ti¶u thö \T5/cmtt/m/n/10 logs-ingested\T5/ptm/m/n/10 (+
20) , route sang 
 []


Underfull \hbox (badness 2573) in paragraph at lines 1812--1812
[]|\T5/ptm/m/n/10 (+20) Internal 
 []

ignored error: Infinite glue shrinkage found in box being split [28

]
Package pgfplots info on input line 1874: Using 'lua backend=false' for axis: x
 coord trafo unsupported.
 [29]
Overfull \hbox (10.16623pt too wide) in alignment at lines 1888--1893
 [] [] [] [] 
 []


Overfull \hbox (10.16623pt too wide) in alignment at lines 1893--1896
 [] [] [] [] 
 []


Overfull \hbox (10.16623pt too wide) in alignment at lines 1896--1904
 [] [] [] [] 
 []

[30] [31] [32]
Ch\uhorn \ohorn ng IV.
[33

] [34] [35

] (./main-v8.aux)
 ***********
LaTeX2e <2025-11-01>
L3 programming layer <2026-01-19>
 ***********
Package rerunfilecheck Info: File `main-v8.out' has not changed.
(rerunfilecheck)             Checksum: 640A1404DECCB93CA5788D191DDE1825;29978.
 ) 
Here is how much of TeX's memory you used:
 47069 strings out of 467533
 1105347 string characters out of 5392394
 1696779 words of memory out of 5000000
 74789 multiletter control sequences out of 15000+600000
 691238 words of font info for 200 fonts, out of 8000000 for 9000
 1141 hyphenation exceptions out of 8191
 102i,12n,130p,1059b,2205s stack positions out of 10000i,1000n,20000p,200000b,200000s
</nix/store/c98w3qqk6xxbxihbgxs1vpwi50kxcydr-texlive-combined-full-2025-final
-texmfdist/fonts/type1/public/amsfonts/cm/cmsy10.pfb></nix/store/c98w3qqk6xxbxi
hbgxs1vpwi50kxcydr-texlive-combined-full-2025-final-texmfdist/fonts/type1/vntex
/urwvn/utmb8v.pfb></nix/store/c98w3qqk6xxbxihbgxs1vpwi50kxcydr-texlive-combined
-full-2025-final-texmfdist/fonts/type1/urw/times/utmr8a.pfb></nix/store/c98w3qq
k6xxbxihbgxs1vpwi50kxcydr-texlive-combined-full-2025-final-texmfdist/fonts/type
1/vntex/urwvn/utmr8v.pfb></nix/store/c98w3qqk6xxbxihbgxs1vpwi50kxcydr-texlive-c
ombined-full-2025-final-texmfdist/fonts/type1/vntex/urwvn/utmri8v.pfb></nix/sto
re/c98w3qqk6xxbxihbgxs1vpwi50kxcydr-texlive-combined-full-2025-final-texmfdist/
fonts/type1/vntex/vnr/vntt10.pfb></nix/store/c98w3qqk6xxbxihbgxs1vpwi50kxcydr-t
exlive-combined-full-2025-final-texmfdist/fonts/type1/vntex/vnr/vntt8.pfb></nix
/store/c98w3qqk6xxbxihbgxs1vpwi50kxcydr-texlive-combined-full-2025-final-texmfd
ist/fonts/type1/vntex/vnr/vntt9.pfb>
Output written on main-v8.pdf (43 pages, 432988 bytes).
PDF statistics:
 1358 PDF objects out of 1440 (max. 8388607)
 1173 compressed objects within 12 object streams
 216 named destinations out of 1000 (max. 500000)
 55467 words of extra memory for PDF output out of 61914 (max. 10000000)

